2026-04-19 16:28:25,533 [INFO] marathon:   Testbed: ct-webapp-a running ✓
2026-04-19 16:28:25,533 [INFO] marathon:   Falco: /usr/bin/falco ✓
2026-04-19 16:28:25,553 [INFO] marathon:   Tetragon image: present ✓
2026-04-19 16:28:25,553 [INFO] marathon:   wrk: found ✓
2026-04-19 16:29:21,079 [INFO] marathon: MODE: FAST  20s gaps, 150 attacks/tool + 5 S11 OOD
2026-04-19 16:29:21,079 [INFO] marathon: ======================================================================
2026-04-19 16:29:21,079 [INFO] marathon: CausalTrace 12-hour Marathon Evaluation
2026-04-19 16:29:21,079 [INFO] marathon:   Output : /home/s/causaltrace/results/marathon
2026-04-19 16:29:21,079 [INFO] marathon:   Start  : 2026-04-19T16:29:21.079191
2026-04-19 16:29:21,079 [INFO] marathon:   Total  : 12h
2026-04-19 16:29:21,079 [INFO] marathon: ======================================================================
2026-04-19 16:29:21,079 [INFO] marathon: ======================================================================
2026-04-19 16:29:21,079 [INFO] marathon: PHASE 1: Dense Calibration — 60 min
2026-04-19 16:29:21,079 [INFO] marathon:   wrk: 8t/50c per target
2026-04-19 16:29:21,079 [INFO] marathon:   Edge patterns: 22 patterns × 2s cycle
2026-04-19 16:29:21,079 [INFO] marathon: ======================================================================
2026-04-19 16:29:21,087 [INFO] marathon:   wrk → http://localhost:8080/  pid=2135672
2026-04-19 16:29:21,088 [INFO] marathon: Loader started  mode=calibrate  pid=2135674
2026-04-19 16:29:21,088 [INFO] marathon:   Phase 1: 59m remaining …
2026-04-19 16:34:21,088 [INFO] marathon:   Phase 1: 54m remaining …
2026-04-19 16:39:21,088 [INFO] marathon:   Phase 1: 49m remaining …
2026-04-19 16:42:09,930 [INFO] marathon:   Calibration traffic: cycle 300 | 47m remaining
2026-04-19 16:44:21,088 [INFO] marathon:   Phase 1: 44m remaining …
2026-04-19 16:49:21,088 [INFO] marathon:   Phase 1: 39m remaining …
2026-04-19 16:54:21,088 [INFO] marathon:   Phase 1: 34m remaining …
2026-04-19 16:54:58,172 [INFO] marathon:   Calibration traffic: cycle 600 | 34m remaining
2026-04-19 16:59:21,089 [INFO] marathon:   Phase 1: 29m remaining …
2026-04-19 17:04:21,089 [INFO] marathon:   Phase 1: 24m remaining …
2026-04-19 17:07:45,963 [INFO] marathon:   Calibration traffic: cycle 900 | 21m remaining
2026-04-19 17:09:21,089 [INFO] marathon:   Phase 1: 19m remaining …
2026-04-19 17:14:21,089 [INFO] marathon:   Phase 1: 14m remaining …
2026-04-19 17:19:21,089 [INFO] marathon:   Phase 1: 9m remaining …
2026-04-19 17:20:36,567 [INFO] marathon:   Calibration traffic: cycle 1200 | 8m remaining
2026-04-19 17:24:21,089 [INFO] marathon:   Phase 1: 4m remaining …
2026-04-19 17:29:21,090 [INFO] marathon: Loader stopped
2026-04-19 17:29:21,091 [INFO] marathon: Phase 1 complete.
2026-04-19 17:29:21,091 [INFO] marathon: ======================================================================
2026-04-19 17:29:21,091 [INFO] marathon: PHASE 2: CausalTrace Attack Evaluation  (~57m / 150 attacks @20s)
2026-04-19 17:29:21,091 [INFO] marathon: ======================================================================
2026-04-19 17:29:21,092 [INFO] marathon: wrk → http://localhost:8080/  t=4 c=20 d=3450s  pid=3071968
2026-04-19 17:29:21,093 [INFO] marathon: Loader started  mode=monitor  pid=3071970
2026-04-19 17:29:29,093 [INFO] marathon: [causaltrace] 1/155     S2a  scenario_2a_evade.sh  (wait 20s)
2026-04-19 17:29:50,143 [INFO] marathon: [causaltrace] 2/155     S5   scenario_5_ns_escape.sh  (wait 20s)
2026-04-19 17:30:10,187 [INFO] marathon: [causaltrace] 3/155     S2a  scenario_2a_evade.sh  (wait 20s)
2026-04-19 17:30:31,241 [INFO] marathon: [causaltrace] 4/155     S3a  scenario_3_evade.sh  (wait 20s)
2026-04-19 17:30:51,283 [INFO] marathon: [causaltrace] 5/155     S3a  scenario_3_evade.sh  (wait 20s)
2026-04-19 17:31:11,319 [INFO] marathon: [causaltrace] 6/155     S4   scenario_4_fork_bomb.sh  (wait 20s)
2026-04-19 17:31:31,498 [INFO] marathon: [causaltrace] 7/155     S4   scenario_4_fork_bomb.sh  (wait 20s)
2026-04-19 17:31:51,670 [INFO] marathon: [causaltrace] 8/155     S3a  scenario_3_evade.sh  (wait 20s)
2026-04-19 17:32:11,707 [INFO] marathon: [causaltrace] 9/155     S5   scenario_5_ns_escape.sh  (wait 20s)
2026-04-19 17:32:31,761 [INFO] marathon: [causaltrace] 10/155     S6   scenario_6_privesc.sh  (wait 20s)
2026-04-19 17:32:51,809 [INFO] marathon: [causaltrace] 11/155     S3a  scenario_3_evade.sh  (wait 20s)
2026-04-19 17:33:11,849 [INFO] marathon: [causaltrace] 12/155     S6   scenario_6_privesc.sh  (wait 20s)
2026-04-19 17:33:31,909 [INFO] marathon: [causaltrace] 13/155     S6   scenario_6_privesc.sh  (wait 20s)
2026-04-19 17:33:51,974 [INFO] marathon: [causaltrace] 14/155     S7   scenario_7_cross_container.sh  (wait 20s)
2026-04-19 17:34:17,609 [INFO] marathon: [causaltrace] 15/155     S2a  scenario_2a_evade.sh  (wait 20s)
2026-04-19 17:34:38,659 [INFO] marathon: [causaltrace] 16/155     S4   scenario_4_fork_bomb.sh  (wait 20s)
2026-04-19 17:34:58,836 [INFO] marathon: [causaltrace] 17/155     S7   scenario_7_cross_container.sh  (wait 20s)
2026-04-19 17:35:24,484 [INFO] marathon: [causaltrace] 18/155     S9   scenario_9_ssrf_rce.sh  (wait 20s)
2026-04-19 17:35:50,108 [INFO] marathon: [causaltrace] 19/155     S6   scenario_6_privesc.sh  (wait 20s)
2026-04-19 17:36:10,165 [INFO] marathon: [causaltrace] 20/155     S2   scenario_2_reverse_shell.sh  (wait 20s)
2026-04-19 17:37:15,210 [INFO] marathon: [causaltrace] 21/155     S10  scenario_10_container_escape.sh  (wait 20s)
2026-04-19 17:37:40,373 [INFO] marathon: [causaltrace] 22/155     S3   scenario_3_sensitive_file.sh  (wait 20s)
2026-04-19 17:38:00,458 [INFO] marathon: [causaltrace] 23/155     S2   scenario_2_reverse_shell.sh  (wait 20s)
2026-04-19 17:39:05,503 [INFO] marathon: [causaltrace] 24/155     S2a  scenario_2a_evade.sh  (wait 20s)
2026-04-19 17:39:26,548 [INFO] marathon: [causaltrace] 25/155     S4   scenario_4_fork_bomb.sh  (wait 20s)
2026-04-19 17:39:46,726 [INFO] marathon: [causaltrace] 26/155 OOD S11  scenario_11_fileless_memfd.sh  (wait 20s)
2026-04-19 17:40:08,298 [INFO] marathon: [causaltrace] 27/155     S2   scenario_2_reverse_shell.sh  (wait 20s)
2026-04-19 17:41:13,343 [INFO] marathon: [causaltrace] 28/155     S8   scenario_8_log4shell.sh  (wait 20s)
2026-04-19 17:41:37,401 [INFO] marathon: [causaltrace] 29/155     S8   scenario_8_log4shell.sh  (wait 20s)
2026-04-19 17:42:01,466 [INFO] marathon: [causaltrace] 30/155     S7   scenario_7_cross_container.sh  (wait 20s)
2026-04-19 17:42:27,104 [INFO] marathon: [causaltrace] 31/155     S6   scenario_6_privesc.sh  (wait 20s)
2026-04-19 17:42:47,146 [INFO] marathon: [causaltrace] 32/155     S5   scenario_5_ns_escape.sh  (wait 20s)
2026-04-19 17:43:07,199 [INFO] marathon: [causaltrace] 33/155     S7   scenario_7_cross_container.sh  (wait 20s)
2026-04-19 17:43:32,838 [INFO] marathon: [causaltrace] 34/155     S9   scenario_9_ssrf_rce.sh  (wait 20s)
2026-04-19 17:43:58,458 [INFO] marathon: [causaltrace] 35/155     S3   scenario_3_sensitive_file.sh  (wait 20s)
2026-04-19 17:44:18,529 [INFO] marathon: [causaltrace] 36/155     S2a  scenario_2a_evade.sh  (wait 20s)
2026-04-19 17:44:39,579 [INFO] marathon: [causaltrace] 37/155     S5   scenario_5_ns_escape.sh  (wait 20s)
2026-04-19 17:44:59,625 [INFO] marathon: [causaltrace] 38/155     S3a  scenario_3_evade.sh  (wait 20s)
2026-04-19 17:45:19,655 [INFO] marathon: [causaltrace] 39/155     S6   scenario_6_privesc.sh  (wait 20s)
2026-04-19 17:45:39,721 [INFO] marathon: [causaltrace] 40/155     S8   scenario_8_log4shell.sh  (wait 20s)
2026-04-19 17:46:03,787 [INFO] marathon: [causaltrace] 41/155     S3a  scenario_3_evade.sh  (wait 20s)
2026-04-19 17:46:23,817 [INFO] marathon: [causaltrace] 42/155     S9   scenario_9_ssrf_rce.sh  (wait 20s)
2026-04-19 17:46:49,452 [INFO] marathon: [causaltrace] 43/155     S7   scenario_7_cross_container.sh  (wait 20s)
2026-04-19 17:47:15,083 [INFO] marathon: [causaltrace] 44/155     S2   scenario_2_reverse_shell.sh  (wait 20s)
2026-04-19 17:48:20,128 [INFO] marathon: [causaltrace] 45/155     S5   scenario_5_ns_escape.sh  (wait 20s)
2026-04-19 17:48:40,194 [INFO] marathon: [causaltrace] 46/155     S2   scenario_2_reverse_shell.sh  (wait 20s)
2026-04-19 17:49:45,214 [INFO] marathon: [causaltrace] 47/155     S2   scenario_2_reverse_shell.sh  (wait 20s)
2026-04-19 17:50:50,259 [INFO] marathon: [causaltrace] 48/155     S5   scenario_5_ns_escape.sh  (wait 20s)
2026-04-19 17:51:10,302 [INFO] marathon: [causaltrace] 49/155     S8   scenario_8_log4shell.sh  (wait 20s)
2026-04-19 17:51:34,376 [INFO] marathon: [causaltrace] 50/155     S2a  scenario_2a_evade.sh  (wait 20s)
2026-04-19 17:51:55,427 [INFO] marathon: [causaltrace] 51/155     S8   scenario_8_log4shell.sh  (wait 20s)
2026-04-19 17:52:19,488 [INFO] marathon: [causaltrace] 52/155 OOD S11  scenario_11_fileless_memfd.sh  (wait 20s)
2026-04-19 17:52:41,063 [INFO] marathon: [causaltrace] 53/155     S3a  scenario_3_evade.sh  (wait 20s)
2026-04-19 17:53:01,104 [INFO] marathon: [causaltrace] 54/155     S3   scenario_3_sensitive_file.sh  (wait 20s)
2026-04-19 17:53:21,167 [INFO] marathon: [causaltrace] 55/155     S2a  scenario_2a_evade.sh  (wait 20s)
2026-04-19 17:53:42,216 [INFO] marathon: [causaltrace] 56/155     S3   scenario_3_sensitive_file.sh  (wait 20s)
2026-04-19 17:54:02,307 [INFO] marathon: [causaltrace] 57/155     S10  scenario_10_container_escape.sh  (wait 20s)
2026-04-19 17:54:27,465 [INFO] marathon: [causaltrace] 58/155     S8   scenario_8_log4shell.sh  (wait 20s)
2026-04-19 17:54:51,538 [INFO] marathon: [causaltrace] 59/155     S9   scenario_9_ssrf_rce.sh  (wait 20s)
2026-04-19 17:55:17,178 [INFO] marathon: [causaltrace] 60/155     S5   scenario_5_ns_escape.sh  (wait 20s)
2026-04-19 17:55:37,232 [INFO] marathon: [causaltrace] 61/155     S3   scenario_3_sensitive_file.sh  (wait 20s)
2026-04-19 17:55:57,309 [INFO] marathon: [causaltrace] 62/155     S5   scenario_5_ns_escape.sh  (wait 20s)
2026-04-19 17:56:17,360 [INFO] marathon: [causaltrace] 63/155     S7   scenario_7_cross_container.sh  (wait 20s)
2026-04-19 17:56:42,984 [INFO] marathon: [causaltrace] 64/155     S2a  scenario_2a_evade.sh  (wait 20s)
2026-04-19 17:57:04,027 [INFO] marathon: [causaltrace] 65/155     S7   scenario_7_cross_container.sh  (wait 20s)
2026-04-19 17:57:29,671 [INFO] marathon: [causaltrace] 66/155     S5   scenario_5_ns_escape.sh  (wait 20s)
2026-04-19 17:57:49,724 [INFO] marathon: [causaltrace] 67/155     S2a  scenario_2a_evade.sh  (wait 20s)
2026-04-19 17:58:10,783 [INFO] marathon: [causaltrace] 68/155     S2   scenario_2_reverse_shell.sh  (wait 20s)
2026-04-19 17:59:15,828 [INFO] marathon: [causaltrace] 69/155     S10  scenario_10_container_escape.sh  (wait 20s)
2026-04-19 17:59:41,005 [INFO] marathon: [causaltrace] 70/155     S6   scenario_6_privesc.sh  (wait 20s)
2026-04-19 18:00:01,062 [INFO] marathon: [causaltrace] 71/155     S2a  scenario_2a_evade.sh  (wait 20s)
2026-04-19 18:00:22,108 [INFO] marathon: [causaltrace] 72/155     S3a  scenario_3_evade.sh  (wait 20s)
2026-04-19 18:00:42,142 [INFO] marathon: [causaltrace] 73/155     S7   scenario_7_cross_container.sh  (wait 20s)
2026-04-19 18:01:07,786 [INFO] marathon: [causaltrace] 74/155     S2a  scenario_2a_evade.sh  (wait 20s)
2026-04-19 18:01:28,820 [INFO] marathon: [causaltrace] 75/155     S3a  scenario_3_evade.sh  (wait 20s)
2026-04-19 18:01:48,854 [INFO] marathon: [causaltrace] 76/155     S3a  scenario_3_evade.sh  (wait 20s)
2026-04-19 18:02:08,885 [INFO] marathon: [causaltrace] 77/155     S2a  scenario_2a_evade.sh  (wait 20s)
2026-04-19 18:02:29,931 [INFO] marathon: [causaltrace] 78/155 OOD S11  scenario_11_fileless_memfd.sh  (wait 20s)
2026-04-19 18:02:51,499 [INFO] marathon: [causaltrace] 79/155     S3   scenario_3_sensitive_file.sh  (wait 20s)
2026-04-19 18:03:11,577 [INFO] marathon: [causaltrace] 80/155     S8   scenario_8_log4shell.sh  (wait 20s)
2026-04-19 18:03:35,648 [INFO] marathon: [causaltrace] 81/155     S10  scenario_10_container_escape.sh  (wait 20s)
2026-04-19 18:04:00,802 [INFO] marathon: [causaltrace] 82/155     S3   scenario_3_sensitive_file.sh  (wait 20s)
2026-04-19 18:04:20,867 [INFO] marathon: [causaltrace] 83/155     S2a  scenario_2a_evade.sh  (wait 20s)
2026-04-19 18:04:41,917 [INFO] marathon: [causaltrace] 84/155     S3   scenario_3_sensitive_file.sh  (wait 20s)
2026-04-19 18:05:02,007 [INFO] marathon: [causaltrace] 85/155     S3   scenario_3_sensitive_file.sh  (wait 20s)
2026-04-19 18:05:22,076 [INFO] marathon: [causaltrace] 86/155     S6   scenario_6_privesc.sh  (wait 20s)
2026-04-19 18:05:42,130 [INFO] marathon: [causaltrace] 87/155     S9   scenario_9_ssrf_rce.sh  (wait 20s)
2026-04-19 18:06:07,762 [INFO] marathon: [causaltrace] 88/155     S6   scenario_6_privesc.sh  (wait 20s)
2026-04-19 18:06:27,824 [INFO] marathon: [causaltrace] 89/155     S10  scenario_10_container_escape.sh  (wait 20s)
2026-04-19 18:06:52,985 [INFO] marathon: [causaltrace] 90/155     S3a  scenario_3_evade.sh  (wait 20s)
2026-04-19 18:07:13,023 [INFO] marathon: [causaltrace] 91/155     S9   scenario_9_ssrf_rce.sh  (wait 20s)
2026-04-19 18:07:38,660 [INFO] marathon: [causaltrace] 92/155     S2a  scenario_2a_evade.sh  (wait 20s)
2026-04-19 18:07:59,703 [INFO] marathon: [causaltrace] 93/155     S9   scenario_9_ssrf_rce.sh  (wait 20s)
2026-04-19 18:08:25,334 [INFO] marathon: [causaltrace] 94/155     S3a  scenario_3_evade.sh  (wait 20s)
2026-04-19 18:08:45,369 [INFO] marathon: [causaltrace] 95/155     S3   scenario_3_sensitive_file.sh  (wait 20s)
2026-04-19 18:09:05,444 [INFO] marathon: [causaltrace] 96/155     S2a  scenario_2a_evade.sh  (wait 20s)
2026-04-19 18:09:26,496 [INFO] marathon: [causaltrace] 97/155     S9   scenario_9_ssrf_rce.sh  (wait 20s)
2026-04-19 18:09:52,103 [INFO] marathon: [causaltrace] 98/155     S3a  scenario_3_evade.sh  (wait 20s)
2026-04-19 18:10:12,143 [INFO] marathon: [causaltrace] 99/155     S2   scenario_2_reverse_shell.sh  (wait 20s)
2026-04-19 18:11:17,188 [INFO] marathon: [causaltrace] 100/155     S2a  scenario_2a_evade.sh  (wait 20s)
2026-04-19 18:11:38,241 [INFO] marathon: [causaltrace] 101/155     S3   scenario_3_sensitive_file.sh  (wait 20s)
2026-04-19 18:11:58,311 [INFO] marathon: [causaltrace] 102/155     S4   scenario_4_fork_bomb.sh  (wait 20s)
2026-04-19 18:12:18,484 [INFO] marathon: [causaltrace] 103/155     S4   scenario_4_fork_bomb.sh  (wait 20s)
2026-04-19 18:12:38,652 [INFO] marathon: [causaltrace] 104/155 OOD S11  scenario_11_fileless_memfd.sh  (wait 20s)
2026-04-19 18:13:00,233 [INFO] marathon: [causaltrace] 105/155     S5   scenario_5_ns_escape.sh  (wait 20s)
2026-04-19 18:13:20,286 [INFO] marathon: [causaltrace] 106/155     S8   scenario_8_log4shell.sh  (wait 20s)
2026-04-19 18:13:44,367 [INFO] marathon: [causaltrace] 107/155     S8   scenario_8_log4shell.sh  (wait 20s)
2026-04-19 18:14:08,439 [INFO] marathon: [causaltrace] 108/155     S3   scenario_3_sensitive_file.sh  (wait 20s)
2026-04-19 18:14:28,511 [INFO] marathon: [causaltrace] 109/155     S3   scenario_3_sensitive_file.sh  (wait 20s)
2026-04-19 18:14:48,585 [INFO] marathon: [causaltrace] 110/155     S3a  scenario_3_evade.sh  (wait 20s)
2026-04-19 18:15:08,620 [INFO] marathon: [causaltrace] 111/155     S2   scenario_2_reverse_shell.sh  (wait 20s)
2026-04-19 18:16:13,666 [INFO] marathon: [causaltrace] 112/155     S2   scenario_2_reverse_shell.sh  (wait 20s)
2026-04-19 18:17:18,711 [INFO] marathon: [causaltrace] 113/155     S4   scenario_4_fork_bomb.sh  (wait 20s)
2026-04-19 18:17:38,884 [INFO] marathon: [causaltrace] 114/155     S2   scenario_2_reverse_shell.sh  (wait 20s)
2026-04-19 18:18:43,929 [INFO] marathon: [causaltrace] 115/155     S3   scenario_3_sensitive_file.sh  (wait 20s)
2026-04-19 18:19:04,016 [INFO] marathon: [causaltrace] 116/155     S6   scenario_6_privesc.sh  (wait 20s)
2026-04-19 18:19:24,076 [INFO] marathon: [causaltrace] 117/155     S2   scenario_2_reverse_shell.sh  (wait 20s)
2026-04-19 18:20:29,121 [INFO] marathon: [causaltrace] 118/155     S2   scenario_2_reverse_shell.sh  (wait 20s)
2026-04-19 18:21:34,166 [INFO] marathon: [causaltrace] 119/155     S6   scenario_6_privesc.sh  (wait 20s)
2026-04-19 18:21:54,226 [INFO] marathon: [causaltrace] 120/155     S2a  scenario_2a_evade.sh  (wait 20s)
2026-04-19 18:22:15,273 [INFO] marathon: [causaltrace] 121/155     S3   scenario_3_sensitive_file.sh  (wait 20s)
2026-04-19 18:22:35,337 [INFO] marathon: [causaltrace] 122/155     S8   scenario_8_log4shell.sh  (wait 20s)
2026-04-19 18:22:59,403 [INFO] marathon: [causaltrace] 123/155     S4   scenario_4_fork_bomb.sh  (wait 20s)
2026-04-19 18:23:19,574 [INFO] marathon: [causaltrace] 124/155     S6   scenario_6_privesc.sh  (wait 20s)
2026-04-19 18:23:39,636 [INFO] marathon: [causaltrace] 125/155     S9   scenario_9_ssrf_rce.sh  (wait 20s)
2026-04-19 18:24:05,258 [INFO] marathon: [causaltrace] 126/155     S8   scenario_8_log4shell.sh  (wait 20s)
2026-04-19 18:24:29,332 [INFO] marathon: [causaltrace] 127/155     S6   scenario_6_privesc.sh  (wait 20s)
2026-04-19 18:24:49,373 [INFO] marathon: [causaltrace] 128/155     S9   scenario_9_ssrf_rce.sh  (wait 20s)
2026-04-19 18:25:15,004 [INFO] marathon: [causaltrace] 129/155     S5   scenario_5_ns_escape.sh  (wait 20s)
2026-04-19 18:25:35,068 [INFO] marathon: [causaltrace] 130/155 OOD S11  scenario_11_fileless_memfd.sh  (wait 20s)
2026-04-19 18:25:56,644 [INFO] marathon: [causaltrace] 131/155     S9   scenario_9_ssrf_rce.sh  (wait 20s)
2026-04-19 18:26:22,269 [INFO] marathon: [causaltrace] 132/155     S4   scenario_4_fork_bomb.sh  (wait 20s)
2026-04-19 18:26:42,450 [INFO] marathon: [causaltrace] 133/155     S8   scenario_8_log4shell.sh  (wait 20s)
2026-04-19 18:27:06,528 [INFO] marathon: [causaltrace] 134/155     S10  scenario_10_container_escape.sh  (wait 20s)
2026-04-19 18:27:31,705 [INFO] marathon: [causaltrace] 135/155     S3a  scenario_3_evade.sh  (wait 20s)
2026-04-19 18:27:51,744 [INFO] marathon: [causaltrace] 136/155     S3a  scenario_3_evade.sh  (wait 20s)
2026-04-19 18:28:11,784 [INFO] marathon: [causaltrace] 137/155     S7   scenario_7_cross_container.sh  (wait 20s)
2026-04-19 18:28:37,432 [INFO] marathon: [causaltrace] 138/155     S9   scenario_9_ssrf_rce.sh  (wait 20s)
2026-04-19 18:29:03,082 [INFO] marathon: [causaltrace] 139/155     S3   scenario_3_sensitive_file.sh  (wait 20s)
2026-04-19 18:29:23,150 [INFO] marathon: [causaltrace] 140/155     S5   scenario_5_ns_escape.sh  (wait 20s)
2026-04-19 18:29:43,208 [INFO] marathon: [causaltrace] 141/155     S9   scenario_9_ssrf_rce.sh  (wait 20s)
2026-04-19 18:30:08,832 [INFO] marathon: [causaltrace] 142/155     S9   scenario_9_ssrf_rce.sh  (wait 20s)
2026-04-19 18:30:34,469 [INFO] marathon: [causaltrace] 143/155     S3a  scenario_3_evade.sh  (wait 20s)
2026-04-19 18:30:54,504 [INFO] marathon: [causaltrace] 144/155     S9   scenario_9_ssrf_rce.sh  (wait 20s)
2026-04-19 18:31:20,126 [INFO] marathon: [causaltrace] 145/155     S9   scenario_9_ssrf_rce.sh  (wait 20s)
2026-04-19 18:31:45,765 [INFO] marathon: [causaltrace] 146/155     S2a  scenario_2a_evade.sh  (wait 20s)
2026-04-19 18:32:06,817 [INFO] marathon: [causaltrace] 147/155     S2   scenario_2_reverse_shell.sh  (wait 20s)
2026-04-19 18:33:11,862 [INFO] marathon: [causaltrace] 148/155     S6   scenario_6_privesc.sh  (wait 20s)
2026-04-19 18:33:31,920 [INFO] marathon: [causaltrace] 149/155     S5   scenario_5_ns_escape.sh  (wait 20s)
2026-04-19 18:33:51,987 [INFO] marathon: [causaltrace] 150/155     S6   scenario_6_privesc.sh  (wait 20s)
2026-04-19 18:34:12,047 [INFO] marathon: [causaltrace] 151/155     S3a  scenario_3_evade.sh  (wait 20s)
2026-04-19 18:34:32,076 [INFO] marathon: [causaltrace] 152/155     S6   scenario_6_privesc.sh  (wait 20s)
2026-04-19 18:34:52,119 [INFO] marathon: [causaltrace] 153/155     S3a  scenario_3_evade.sh  (wait 20s)
2026-04-19 18:35:12,156 [INFO] marathon: [causaltrace] 154/155     S3   scenario_3_sensitive_file.sh  (wait 20s)
2026-04-19 18:35:32,218 [INFO] marathon: [causaltrace] 155/155     S3   scenario_3_sensitive_file.sh  (wait 20s)
2026-04-19 18:36:03,296 [INFO] marathon: Loader stopped
2026-04-19 18:36:03,296 [INFO] marathon: Phase 2 complete.
2026-04-19 18:36:03,296 [INFO] marathon: ======================================================================
2026-04-19 18:36:03,296 [INFO] marathon: PHASE 3: Falco Evaluation  (stock + tuned, full replay each)
2026-04-19 18:36:03,296 [INFO] marathon: ======================================================================
2026-04-19 18:36:03,296 [INFO] marathon:   Falco stock: 155 attacks over 59m
2026-04-19 18:36:03,297 [INFO] marathon: wrk → http://localhost:8080/  t=4 c=20 d=3565s  pid=3160170
2026-04-19 18:36:03,297 [INFO] marathon: Falco started  mode=stock  pid=3160172
2026-04-19 18:36:07,297 [INFO] marathon: [falco_stock] 1/155     S2a  scenario_2a_evade.sh  (wait 20s)
2026-04-19 18:36:28,357 [INFO] marathon: [falco_stock] 2/155     S5   scenario_5_ns_escape.sh  (wait 20s)
2026-04-19 18:36:48,418 [INFO] marathon: [falco_stock] 3/155     S2a  scenario_2a_evade.sh  (wait 20s)
2026-04-19 18:37:09,471 [INFO] marathon: [falco_stock] 4/155     S3a  scenario_3_evade.sh  (wait 20s)
2026-04-19 18:37:29,504 [INFO] marathon: [falco_stock] 5/155     S3a  scenario_3_evade.sh  (wait 20s)
2026-04-19 18:37:49,537 [INFO] marathon: [falco_stock] 6/155     S4   scenario_4_fork_bomb.sh  (wait 20s)
2026-04-19 18:38:09,718 [INFO] marathon: [falco_stock] 7/155     S4   scenario_4_fork_bomb.sh  (wait 20s)
2026-04-19 18:38:29,895 [INFO] marathon: [falco_stock] 8/155     S3a  scenario_3_evade.sh  (wait 20s)
2026-04-19 18:38:49,937 [INFO] marathon: [falco_stock] 9/155     S5   scenario_5_ns_escape.sh  (wait 20s)
2026-04-19 18:39:09,992 [INFO] marathon: [falco_stock] 10/155     S6   scenario_6_privesc.sh  (wait 20s)
2026-04-19 18:39:30,056 [INFO] marathon: [falco_stock] 11/155     S3a  scenario_3_evade.sh  (wait 20s)
2026-04-19 18:39:50,094 [INFO] marathon: [falco_stock] 12/155     S6   scenario_6_privesc.sh  (wait 20s)
2026-04-19 18:40:10,161 [INFO] marathon: [falco_stock] 13/155     S6   scenario_6_privesc.sh  (wait 20s)
2026-04-19 18:40:30,224 [INFO] marathon: [falco_stock] 14/155     S7   scenario_7_cross_container.sh  (wait 20s)
2026-04-19 18:40:55,897 [INFO] marathon: [falco_stock] 15/155     S2a  scenario_2a_evade.sh  (wait 20s)
2026-04-19 18:41:16,950 [INFO] marathon: [falco_stock] 16/155     S4   scenario_4_fork_bomb.sh  (wait 20s)
2026-04-19 18:41:37,133 [INFO] marathon: [falco_stock] 17/155     S7   scenario_7_cross_container.sh  (wait 20s)
2026-04-19 18:42:02,779 [INFO] marathon: [falco_stock] 18/155     S9   scenario_9_ssrf_rce.sh  (wait 20s)
2026-04-19 18:42:28,402 [INFO] marathon: [falco_stock] 19/155     S6   scenario_6_privesc.sh  (wait 20s)
2026-04-19 18:42:48,455 [INFO] marathon: [falco_stock] 20/155     S2   scenario_2_reverse_shell.sh  (wait 20s)
2026-04-19 18:43:53,500 [INFO] marathon: [falco_stock] 21/155     S10  scenario_10_container_escape.sh  (wait 20s)
2026-04-19 18:44:18,672 [INFO] marathon: [falco_stock] 22/155     S3   scenario_3_sensitive_file.sh  (wait 20s)
2026-04-19 18:44:38,748 [INFO] marathon: [falco_stock] 23/155     S2   scenario_2_reverse_shell.sh  (wait 20s)
2026-04-19 18:45:43,793 [INFO] marathon: [falco_stock] 24/155     S2a  scenario_2a_evade.sh  (wait 20s)
2026-04-19 18:46:04,849 [INFO] marathon: [falco_stock] 25/155     S4   scenario_4_fork_bomb.sh  (wait 20s)
2026-04-19 18:46:25,027 [INFO] marathon: [falco_stock] 26/155 OOD S11  scenario_11_fileless_memfd.sh  (wait 20s)
2026-04-19 18:46:46,607 [INFO] marathon: [falco_stock] 27/155     S2   scenario_2_reverse_shell.sh  (wait 20s)
2026-04-19 18:47:51,652 [INFO] marathon: [falco_stock] 28/155     S8   scenario_8_log4shell.sh  (wait 20s)
2026-04-19 18:48:15,724 [INFO] marathon: [falco_stock] 29/155     S8   scenario_8_log4shell.sh  (wait 20s)
2026-04-19 18:48:39,791 [INFO] marathon: [falco_stock] 30/155     S7   scenario_7_cross_container.sh  (wait 20s)
2026-04-19 18:49:05,454 [INFO] marathon: [falco_stock] 31/155     S6   scenario_6_privesc.sh  (wait 20s)
2026-04-19 18:49:25,511 [INFO] marathon: [falco_stock] 32/155     S5   scenario_5_ns_escape.sh  (wait 20s)
2026-04-19 18:49:45,571 [INFO] marathon: [falco_stock] 33/155     S7   scenario_7_cross_container.sh  (wait 20s)
2026-04-19 18:50:11,212 [INFO] marathon: [falco_stock] 34/155     S9   scenario_9_ssrf_rce.sh  (wait 20s)
2026-04-19 18:50:36,851 [INFO] marathon: [falco_stock] 35/155     S3   scenario_3_sensitive_file.sh  (wait 20s)
2026-04-19 18:50:56,935 [INFO] marathon: [falco_stock] 36/155     S2a  scenario_2a_evade.sh  (wait 20s)
2026-04-19 18:51:17,990 [INFO] marathon: [falco_stock] 37/155     S5   scenario_5_ns_escape.sh  (wait 20s)
2026-04-19 18:51:38,048 [INFO] marathon: [falco_stock] 38/155     S3a  scenario_3_evade.sh  (wait 20s)
2026-04-19 18:51:58,084 [INFO] marathon: [falco_stock] 39/155     S6   scenario_6_privesc.sh  (wait 20s)
2026-04-19 18:52:18,133 [INFO] marathon: [falco_stock] 40/155     S8   scenario_8_log4shell.sh  (wait 20s)
2026-04-19 18:52:42,210 [INFO] marathon: [falco_stock] 41/155     S3a  scenario_3_evade.sh  (wait 20s)
2026-04-19 18:53:02,243 [INFO] marathon: [falco_stock] 42/155     S9   scenario_9_ssrf_rce.sh  (wait 20s)
2026-04-19 18:53:27,866 [INFO] marathon: [falco_stock] 43/155     S7   scenario_7_cross_container.sh  (wait 20s)
2026-04-19 18:53:53,509 [INFO] marathon: [falco_stock] 44/155     S2   scenario_2_reverse_shell.sh  (wait 20s)
2026-04-19 18:54:58,554 [INFO] marathon: [falco_stock] 45/155     S5   scenario_5_ns_escape.sh  (wait 20s)
2026-04-19 18:55:18,599 [INFO] marathon: [falco_stock] 46/155     S2   scenario_2_reverse_shell.sh  (wait 20s)
2026-04-19 18:56:23,644 [INFO] marathon: [falco_stock] 47/155     S2   scenario_2_reverse_shell.sh  (wait 20s)
2026-04-19 18:57:28,680 [INFO] marathon: [falco_stock] 48/155     S5   scenario_5_ns_escape.sh  (wait 20s)
2026-04-19 18:57:48,734 [INFO] marathon: [falco_stock] 49/155     S8   scenario_8_log4shell.sh  (wait 20s)
2026-04-19 18:58:12,812 [INFO] marathon: [falco_stock] 50/155     S2a  scenario_2a_evade.sh  (wait 20s)
2026-04-19 18:58:33,870 [INFO] marathon: [falco_stock] 51/155     S8   scenario_8_log4shell.sh  (wait 20s)
2026-04-19 18:58:57,937 [INFO] marathon: [falco_stock] 52/155 OOD S11  scenario_11_fileless_memfd.sh  (wait 20s)
2026-04-19 18:59:19,512 [INFO] marathon: [falco_stock] 53/155     S3a  scenario_3_evade.sh  (wait 20s)
2026-04-19 18:59:39,549 [INFO] marathon: [falco_stock] 54/155     S3   scenario_3_sensitive_file.sh  (wait 20s)
2026-04-19 18:59:59,632 [INFO] marathon: [falco_stock] 55/155     S2a  scenario_2a_evade.sh  (wait 20s)
2026-04-19 19:00:20,680 [INFO] marathon: [falco_stock] 56/155     S3   scenario_3_sensitive_file.sh  (wait 20s)
2026-04-19 19:00:40,765 [INFO] marathon: [falco_stock] 57/155     S10  scenario_10_container_escape.sh  (wait 20s)
2026-04-19 19:01:05,918 [INFO] marathon: [falco_stock] 58/155     S8   scenario_8_log4shell.sh  (wait 20s)
2026-04-19 19:01:29,984 [INFO] marathon: [falco_stock] 59/155     S9   scenario_9_ssrf_rce.sh  (wait 20s)
2026-04-19 19:01:55,622 [INFO] marathon: [falco_stock] 60/155     S5   scenario_5_ns_escape.sh  (wait 20s)
2026-04-19 19:02:15,661 [INFO] marathon: [falco_stock] 61/155     S3   scenario_3_sensitive_file.sh  (wait 20s)
2026-04-19 19:02:35,737 [INFO] marathon: [falco_stock] 62/155     S5   scenario_5_ns_escape.sh  (wait 20s)
2026-04-19 19:02:55,778 [INFO] marathon: [falco_stock] 63/155     S7   scenario_7_cross_container.sh  (wait 20s)
2026-04-19 19:03:21,428 [INFO] marathon: [falco_stock] 64/155     S2a  scenario_2a_evade.sh  (wait 20s)
2026-04-19 19:03:42,475 [INFO] marathon: [falco_stock] 65/155     S7   scenario_7_cross_container.sh  (wait 20s)
2026-04-19 19:04:08,122 [INFO] marathon: [falco_stock] 66/155     S5   scenario_5_ns_escape.sh  (wait 20s)
2026-04-19 19:04:28,179 [INFO] marathon: [falco_stock] 67/155     S2a  scenario_2a_evade.sh  (wait 20s)
2026-04-19 19:04:49,226 [INFO] marathon: [falco_stock] 68/155     S2   scenario_2_reverse_shell.sh  (wait 20s)
2026-04-19 19:05:54,240 [INFO] marathon: [falco_stock] 69/155     S10  scenario_10_container_escape.sh  (wait 20s)
2026-04-19 19:06:19,396 [INFO] marathon: [falco_stock] 70/155     S6   scenario_6_privesc.sh  (wait 20s)
2026-04-19 19:06:39,446 [INFO] marathon: [falco_stock] 71/155     S2a  scenario_2a_evade.sh  (wait 20s)
2026-04-19 19:07:00,495 [INFO] marathon: [falco_stock] 72/155     S3a  scenario_3_evade.sh  (wait 20s)
2026-04-19 19:07:20,535 [INFO] marathon: [falco_stock] 73/155     S7   scenario_7_cross_container.sh  (wait 20s)
2026-04-19 19:07:46,167 [INFO] marathon: [falco_stock] 74/155     S2a  scenario_2a_evade.sh  (wait 20s)
2026-04-19 19:08:07,216 [INFO] marathon: [falco_stock] 75/155     S3a  scenario_3_evade.sh  (wait 20s)
2026-04-19 19:08:27,246 [INFO] marathon: [falco_stock] 76/155     S3a  scenario_3_evade.sh  (wait 20s)
2026-04-19 19:08:47,283 [INFO] marathon: [falco_stock] 77/155     S2a  scenario_2a_evade.sh  (wait 20s)
2026-04-19 19:09:08,328 [INFO] marathon: [falco_stock] 78/155 OOD S11  scenario_11_fileless_memfd.sh  (wait 20s)
2026-04-19 19:09:29,910 [INFO] marathon: [falco_stock] 79/155     S3   scenario_3_sensitive_file.sh  (wait 20s)
2026-04-19 19:09:49,992 [INFO] marathon: [falco_stock] 80/155     S8   scenario_8_log4shell.sh  (wait 20s)
2026-04-19 19:10:14,064 [INFO] marathon: [falco_stock] 81/155     S10  scenario_10_container_escape.sh  (wait 20s)
2026-04-19 19:10:39,234 [INFO] marathon: [falco_stock] 82/155     S3   scenario_3_sensitive_file.sh  (wait 20s)
2026-04-19 19:10:59,307 [INFO] marathon: [falco_stock] 83/155     S2a  scenario_2a_evade.sh  (wait 20s)
2026-04-19 19:11:20,351 [INFO] marathon: [falco_stock] 84/155     S3   scenario_3_sensitive_file.sh  (wait 20s)
2026-04-19 19:11:40,420 [INFO] marathon: [falco_stock] 85/155     S3   scenario_3_sensitive_file.sh  (wait 20s)
2026-04-19 19:12:00,504 [INFO] marathon: [falco_stock] 86/155     S6   scenario_6_privesc.sh  (wait 20s)
2026-04-19 19:12:20,569 [INFO] marathon: [falco_stock] 87/155     S9   scenario_9_ssrf_rce.sh  (wait 20s)
2026-04-19 19:12:46,199 [INFO] marathon: [falco_stock] 88/155     S6   scenario_6_privesc.sh  (wait 20s)
2026-04-19 19:13:06,260 [INFO] marathon: [falco_stock] 89/155     S10  scenario_10_container_escape.sh  (wait 20s)
2026-04-19 19:13:31,408 [INFO] marathon: [falco_stock] 90/155     S3a  scenario_3_evade.sh  (wait 20s)
2026-04-19 19:13:51,440 [INFO] marathon: [falco_stock] 91/155     S9   scenario_9_ssrf_rce.sh  (wait 20s)
2026-04-19 19:14:17,075 [INFO] marathon: [falco_stock] 92/155     S2a  scenario_2a_evade.sh  (wait 20s)
2026-04-19 19:14:38,121 [INFO] marathon: [falco_stock] 93/155     S9   scenario_9_ssrf_rce.sh  (wait 20s)
2026-04-19 19:15:03,742 [INFO] marathon: [falco_stock] 94/155     S3a  scenario_3_evade.sh  (wait 20s)
2026-04-19 19:15:23,781 [INFO] marathon: [falco_stock] 95/155     S3   scenario_3_sensitive_file.sh  (wait 20s)
2026-04-19 19:15:43,861 [INFO] marathon: [falco_stock] 96/155     S2a  scenario_2a_evade.sh  (wait 20s)
2026-04-19 19:16:04,916 [INFO] marathon: [falco_stock] 97/155     S9   scenario_9_ssrf_rce.sh  (wait 20s)
2026-04-19 19:16:30,551 [INFO] marathon: [falco_stock] 98/155     S3a  scenario_3_evade.sh  (wait 20s)
2026-04-19 19:16:50,591 [INFO] marathon: [falco_stock] 99/155     S2   scenario_2_reverse_shell.sh  (wait 20s)
2026-04-19 19:17:55,618 [INFO] marathon: [falco_stock] 100/155     S2a  scenario_2a_evade.sh  (wait 20s)
2026-04-19 19:18:16,669 [INFO] marathon: [falco_stock] 101/155     S3   scenario_3_sensitive_file.sh  (wait 20s)
2026-04-19 19:18:36,721 [INFO] marathon: [falco_stock] 102/155     S4   scenario_4_fork_bomb.sh  (wait 20s)
2026-04-19 19:18:56,900 [INFO] marathon: [falco_stock] 103/155     S4   scenario_4_fork_bomb.sh  (wait 20s)
2026-04-19 19:19:17,082 [INFO] marathon: [falco_stock] 104/155 OOD S11  scenario_11_fileless_memfd.sh  (wait 20s)
2026-04-19 19:19:38,669 [INFO] marathon: [falco_stock] 105/155     S5   scenario_5_ns_escape.sh  (wait 20s)
2026-04-19 19:19:58,727 [INFO] marathon: [falco_stock] 106/155     S8   scenario_8_log4shell.sh  (wait 20s)
2026-04-19 19:20:22,804 [INFO] marathon: [falco_stock] 107/155     S8   scenario_8_log4shell.sh  (wait 20s)
2026-04-19 19:20:46,875 [INFO] marathon: [falco_stock] 108/155     S3   scenario_3_sensitive_file.sh  (wait 20s)
2026-04-19 19:21:06,963 [INFO] marathon: [falco_stock] 109/155     S3   scenario_3_sensitive_file.sh  (wait 20s)
2026-04-19 19:21:27,035 [INFO] marathon: [falco_stock] 110/155     S3a  scenario_3_evade.sh  (wait 20s)
2026-04-19 19:21:47,071 [INFO] marathon: [falco_stock] 111/155     S2   scenario_2_reverse_shell.sh  (wait 20s)
2026-04-19 19:22:52,116 [INFO] marathon: [falco_stock] 112/155     S2   scenario_2_reverse_shell.sh  (wait 20s)
2026-04-19 19:23:57,161 [INFO] marathon: [falco_stock] 113/155     S4   scenario_4_fork_bomb.sh  (wait 20s)
2026-04-19 19:24:17,345 [INFO] marathon: [falco_stock] 114/155     S2   scenario_2_reverse_shell.sh  (wait 20s)
2026-04-19 19:25:22,390 [INFO] marathon: [falco_stock] 115/155     S3   scenario_3_sensitive_file.sh  (wait 20s)
2026-04-19 19:25:42,470 [INFO] marathon: [falco_stock] 116/155     S6   scenario_6_privesc.sh  (wait 20s)
2026-04-19 19:26:02,506 [INFO] marathon: [falco_stock] 117/155     S2   scenario_2_reverse_shell.sh  (wait 20s)
2026-04-19 19:27:07,551 [INFO] marathon: [falco_stock] 118/155     S2   scenario_2_reverse_shell.sh  (wait 20s)
2026-04-19 19:28:12,596 [INFO] marathon: [falco_stock] 119/155     S6   scenario_6_privesc.sh  (wait 20s)
2026-04-19 19:28:32,653 [INFO] marathon: [falco_stock] 120/155     S2a  scenario_2a_evade.sh  (wait 20s)
2026-04-19 19:28:53,705 [INFO] marathon: [falco_stock] 121/155     S3   scenario_3_sensitive_file.sh  (wait 20s)
2026-04-19 19:29:13,778 [INFO] marathon: [falco_stock] 122/155     S8   scenario_8_log4shell.sh  (wait 20s)
2026-04-19 19:29:37,853 [INFO] marathon: [falco_stock] 123/155     S4   scenario_4_fork_bomb.sh  (wait 20s)
2026-04-19 19:29:58,033 [INFO] marathon: [falco_stock] 124/155     S6   scenario_6_privesc.sh  (wait 20s)
2026-04-19 19:30:18,082 [INFO] marathon: [falco_stock] 125/155     S9   scenario_9_ssrf_rce.sh  (wait 20s)
2026-04-19 19:30:43,708 [INFO] marathon: [falco_stock] 126/155     S8   scenario_8_log4shell.sh  (wait 20s)
2026-04-19 19:31:07,776 [INFO] marathon: [falco_stock] 127/155     S6   scenario_6_privesc.sh  (wait 20s)
2026-04-19 19:31:27,821 [INFO] marathon: [falco_stock] 128/155     S9   scenario_9_ssrf_rce.sh  (wait 20s)
2026-04-19 19:31:53,441 [INFO] marathon: [falco_stock] 129/155     S5   scenario_5_ns_escape.sh  (wait 20s)
2026-04-19 19:32:13,488 [INFO] marathon: [falco_stock] 130/155 OOD S11  scenario_11_fileless_memfd.sh  (wait 20s)
2026-04-19 19:32:35,066 [INFO] marathon: [falco_stock] 131/155     S9   scenario_9_ssrf_rce.sh  (wait 20s)
2026-04-19 19:33:00,703 [INFO] marathon: [falco_stock] 132/155     S4   scenario_4_fork_bomb.sh  (wait 20s)
2026-04-19 19:33:20,877 [INFO] marathon: [falco_stock] 133/155     S8   scenario_8_log4shell.sh  (wait 20s)
2026-04-19 19:33:44,950 [INFO] marathon: [falco_stock] 134/155     S10  scenario_10_container_escape.sh  (wait 20s)
2026-04-19 19:34:10,099 [INFO] marathon: [falco_stock] 135/155     S3a  scenario_3_evade.sh  (wait 20s)
2026-04-19 19:34:30,140 [INFO] marathon: [falco_stock] 136/155     S3a  scenario_3_evade.sh  (wait 20s)
2026-04-19 19:34:50,170 [INFO] marathon: [falco_stock] 137/155     S7   scenario_7_cross_container.sh  (wait 20s)
2026-04-19 19:35:15,808 [INFO] marathon: [falco_stock] 138/155     S9   scenario_9_ssrf_rce.sh  (wait 20s)
2026-04-19 19:35:41,434 [INFO] marathon: [falco_stock] 139/155     S3   scenario_3_sensitive_file.sh  (wait 20s)
2026-04-19 19:36:01,499 [INFO] marathon: [falco_stock] 140/155     S5   scenario_5_ns_escape.sh  (wait 20s)
2026-04-19 19:36:21,567 [INFO] marathon: [falco_stock] 141/155     S9   scenario_9_ssrf_rce.sh  (wait 20s)
2026-04-19 19:36:47,201 [INFO] marathon: [falco_stock] 142/155     S9   scenario_9_ssrf_rce.sh  (wait 20s)
2026-04-19 19:37:12,837 [INFO] marathon: [falco_stock] 143/155     S3a  scenario_3_evade.sh  (wait 20s)
2026-04-19 19:37:32,870 [INFO] marathon: [falco_stock] 144/155     S9   scenario_9_ssrf_rce.sh  (wait 20s)
2026-04-19 19:37:58,529 [INFO] marathon: [falco_stock] 145/155     S9   scenario_9_ssrf_rce.sh  (wait 20s)
2026-04-19 19:38:24,170 [INFO] marathon: [falco_stock] 146/155     S2a  scenario_2a_evade.sh  (wait 20s)
2026-04-19 19:38:45,223 [INFO] marathon: [falco_stock] 147/155     S2   scenario_2_reverse_shell.sh  (wait 20s)
2026-04-19 19:39:50,269 [INFO] marathon: [falco_stock] 148/155     S6   scenario_6_privesc.sh  (wait 20s)
2026-04-19 19:40:10,313 [INFO] marathon: [falco_stock] 149/155     S5   scenario_5_ns_escape.sh  (wait 20s)
2026-04-19 19:40:30,385 [INFO] marathon: [falco_stock] 150/155     S6   scenario_6_privesc.sh  (wait 20s)
2026-04-19 19:40:50,436 [INFO] marathon: [falco_stock] 151/155     S3a  scenario_3_evade.sh  (wait 20s)
2026-04-19 19:41:10,469 [INFO] marathon: [falco_stock] 152/155     S6   scenario_6_privesc.sh  (wait 20s)
2026-04-19 19:41:30,518 [INFO] marathon: [falco_stock] 153/155     S3a  scenario_3_evade.sh  (wait 20s)
2026-04-19 19:41:50,554 [INFO] marathon: [falco_stock] 154/155     S3   scenario_3_sensitive_file.sh  (wait 20s)
2026-04-19 19:42:10,622 [INFO] marathon: [falco_stock] 155/155     S3   scenario_3_sensitive_file.sh  (wait 20s)
2026-04-19 19:42:31,749 [INFO] marathon: Falco stopped  mode=stock
2026-04-19 19:42:31,749 [INFO] marathon:   Falco tuned: 155 attacks over 59m
2026-04-19 19:42:31,750 [INFO] marathon: wrk → http://localhost:8080/  t=4 c=20 d=3565s  pid=3250218
2026-04-19 19:42:31,750 [INFO] marathon: Falco started  mode=tuned  pid=3250220
2026-04-19 19:42:35,750 [INFO] marathon: [falco_tuned] 1/155     S2a  scenario_2a_evade.sh  (wait 20s)
2026-04-19 19:42:56,801 [INFO] marathon: [falco_tuned] 2/155     S5   scenario_5_ns_escape.sh  (wait 20s)
2026-04-19 19:43:16,855 [INFO] marathon: [falco_tuned] 3/155     S2a  scenario_2a_evade.sh  (wait 20s)
2026-04-19 19:43:37,907 [INFO] marathon: [falco_tuned] 4/155     S3a  scenario_3_evade.sh  (wait 20s)
2026-04-19 19:43:57,936 [INFO] marathon: [falco_tuned] 5/155     S3a  scenario_3_evade.sh  (wait 20s)
2026-04-19 19:44:17,972 [INFO] marathon: [falco_tuned] 6/155     S4   scenario_4_fork_bomb.sh  (wait 20s)
2026-04-19 19:44:38,149 [INFO] marathon: [falco_tuned] 7/155     S4   scenario_4_fork_bomb.sh  (wait 20s)
2026-04-19 19:44:58,322 [INFO] marathon: [falco_tuned] 8/155     S3a  scenario_3_evade.sh  (wait 20s)
2026-04-19 19:45:18,357 [INFO] marathon: [falco_tuned] 9/155     S5   scenario_5_ns_escape.sh  (wait 20s)
2026-04-19 19:45:38,407 [INFO] marathon: [falco_tuned] 10/155     S6   scenario_6_privesc.sh  (wait 20s)
2026-04-19 19:45:58,460 [INFO] marathon: [falco_tuned] 11/155     S3a  scenario_3_evade.sh  (wait 20s)
2026-04-19 19:46:18,507 [INFO] marathon: [falco_tuned] 12/155     S6   scenario_6_privesc.sh  (wait 20s)
2026-04-19 19:46:38,570 [INFO] marathon: [falco_tuned] 13/155     S6   scenario_6_privesc.sh  (wait 20s)
2026-04-19 19:46:58,629 [INFO] marathon: [falco_tuned] 14/155     S7   scenario_7_cross_container.sh  (wait 20s)
2026-04-19 19:47:24,287 [INFO] marathon: [falco_tuned] 15/155     S2a  scenario_2a_evade.sh  (wait 20s)
2026-04-19 19:47:45,329 [INFO] marathon: [falco_tuned] 16/155     S4   scenario_4_fork_bomb.sh  (wait 20s)
2026-04-19 19:48:05,511 [INFO] marathon: [falco_tuned] 17/155     S7   scenario_7_cross_container.sh  (wait 20s)
2026-04-19 19:48:31,160 [INFO] marathon: [falco_tuned] 18/155     S9   scenario_9_ssrf_rce.sh  (wait 20s)
2026-04-19 19:48:56,798 [INFO] marathon: [falco_tuned] 19/155     S6   scenario_6_privesc.sh  (wait 20s)
2026-04-19 19:49:16,856 [INFO] marathon: [falco_tuned] 20/155     S2   scenario_2_reverse_shell.sh  (wait 20s)
2026-04-19 19:50:21,901 [INFO] marathon: [falco_tuned] 21/155     S10  scenario_10_container_escape.sh  (wait 20s)
2026-04-19 19:50:47,064 [INFO] marathon: [falco_tuned] 22/155     S3   scenario_3_sensitive_file.sh  (wait 20s)
2026-04-19 19:51:07,147 [INFO] marathon: [falco_tuned] 23/155     S2   scenario_2_reverse_shell.sh  (wait 20s)
2026-04-19 19:52:12,193 [INFO] marathon: [falco_tuned] 24/155     S2a  scenario_2a_evade.sh  (wait 20s)
2026-04-19 19:52:33,241 [INFO] marathon: [falco_tuned] 25/155     S4   scenario_4_fork_bomb.sh  (wait 20s)
2026-04-19 19:52:53,417 [INFO] marathon: [falco_tuned] 26/155 OOD S11  scenario_11_fileless_memfd.sh  (wait 20s)
2026-04-19 19:53:14,992 [INFO] marathon: [falco_tuned] 27/155     S2   scenario_2_reverse_shell.sh  (wait 20s)
2026-04-19 19:54:20,028 [INFO] marathon: [falco_tuned] 28/155     S8   scenario_8_log4shell.sh  (wait 20s)
2026-04-19 19:54:44,101 [INFO] marathon: [falco_tuned] 29/155     S8   scenario_8_log4shell.sh  (wait 20s)
2026-04-19 19:55:08,175 [INFO] marathon: [falco_tuned] 30/155     S7   scenario_7_cross_container.sh  (wait 20s)
2026-04-19 19:55:33,816 [INFO] marathon: [falco_tuned] 31/155     S6   scenario_6_privesc.sh  (wait 20s)
2026-04-19 19:55:53,866 [INFO] marathon: [falco_tuned] 32/155     S5   scenario_5_ns_escape.sh  (wait 20s)
2026-04-19 19:56:13,909 [INFO] marathon: [falco_tuned] 33/155     S7   scenario_7_cross_container.sh  (wait 20s)
2026-04-19 19:56:39,575 [INFO] marathon: [falco_tuned] 34/155     S9   scenario_9_ssrf_rce.sh  (wait 20s)
2026-04-19 19:57:05,231 [INFO] marathon: [falco_tuned] 35/155     S3   scenario_3_sensitive_file.sh  (wait 20s)
2026-04-19 19:57:25,314 [INFO] marathon: [falco_tuned] 36/155     S2a  scenario_2a_evade.sh  (wait 20s)
2026-04-19 19:57:46,370 [INFO] marathon: [falco_tuned] 37/155     S5   scenario_5_ns_escape.sh  (wait 20s)
2026-04-19 19:58:06,415 [INFO] marathon: [falco_tuned] 38/155     S3a  scenario_3_evade.sh  (wait 20s)
2026-04-19 19:58:26,451 [INFO] marathon: [falco_tuned] 39/155     S6   scenario_6_privesc.sh  (wait 20s)
2026-04-19 19:58:46,510 [INFO] marathon: [falco_tuned] 40/155     S8   scenario_8_log4shell.sh  (wait 20s)
2026-04-19 19:59:10,577 [INFO] marathon: [falco_tuned] 41/155     S3a  scenario_3_evade.sh  (wait 20s)
2026-04-19 19:59:30,616 [INFO] marathon: [falco_tuned] 42/155     S9   scenario_9_ssrf_rce.sh  (wait 20s)
2026-04-19 19:59:56,249 [INFO] marathon: [falco_tuned] 43/155     S7   scenario_7_cross_container.sh  (wait 20s)
2026-04-19 20:00:21,916 [INFO] marathon: [falco_tuned] 44/155     S2   scenario_2_reverse_shell.sh  (wait 20s)
2026-04-19 20:01:26,961 [INFO] marathon: [falco_tuned] 45/155     S5   scenario_5_ns_escape.sh  (wait 20s)
2026-04-19 20:01:47,030 [INFO] marathon: [falco_tuned] 46/155     S2   scenario_2_reverse_shell.sh  (wait 20s)
2026-04-19 20:02:52,076 [INFO] marathon: [falco_tuned] 47/155     S2   scenario_2_reverse_shell.sh  (wait 20s)
2026-04-19 20:03:57,121 [INFO] marathon: [falco_tuned] 48/155     S5   scenario_5_ns_escape.sh  (wait 20s)
2026-04-19 20:04:17,181 [INFO] marathon: [falco_tuned] 49/155     S8   scenario_8_log4shell.sh  (wait 20s)
2026-04-19 20:04:41,251 [INFO] marathon: [falco_tuned] 50/155     S2a  scenario_2a_evade.sh  (wait 20s)
2026-04-19 20:05:02,303 [INFO] marathon: [falco_tuned] 51/155     S8   scenario_8_log4shell.sh  (wait 20s)
2026-04-19 20:05:26,375 [INFO] marathon: [falco_tuned] 52/155 OOD S11  scenario_11_fileless_memfd.sh  (wait 20s)
2026-04-19 20:05:47,951 [INFO] marathon: [falco_tuned] 53/155     S3a  scenario_3_evade.sh  (wait 20s)
2026-04-19 20:06:07,987 [INFO] marathon: [falco_tuned] 54/155     S3   scenario_3_sensitive_file.sh  (wait 20s)
2026-04-19 20:06:28,063 [INFO] marathon: [falco_tuned] 55/155     S2a  scenario_2a_evade.sh  (wait 20s)
2026-04-19 20:06:49,116 [INFO] marathon: [falco_tuned] 56/155     S3   scenario_3_sensitive_file.sh  (wait 20s)
2026-04-19 20:07:09,190 [INFO] marathon: [falco_tuned] 57/155     S10  scenario_10_container_escape.sh  (wait 20s)
2026-04-19 20:07:34,345 [INFO] marathon: [falco_tuned] 58/155     S8   scenario_8_log4shell.sh  (wait 20s)
2026-04-19 20:07:58,424 [INFO] marathon: [falco_tuned] 59/155     S9   scenario_9_ssrf_rce.sh  (wait 20s)
2026-04-19 20:08:24,036 [INFO] marathon: [falco_tuned] 60/155     S5   scenario_5_ns_escape.sh  (wait 20s)
2026-04-19 20:08:44,092 [INFO] marathon: [falco_tuned] 61/155     S3   scenario_3_sensitive_file.sh  (wait 20s)
2026-04-19 20:09:04,175 [INFO] marathon: [falco_tuned] 62/155     S5   scenario_5_ns_escape.sh  (wait 20s)
2026-04-19 20:09:24,234 [INFO] marathon: [falco_tuned] 63/155     S7   scenario_7_cross_container.sh  (wait 20s)
2026-04-19 20:09:49,878 [INFO] marathon: [falco_tuned] 64/155     S2a  scenario_2a_evade.sh  (wait 20s)
2026-04-19 20:10:10,928 [INFO] marathon: [falco_tuned] 65/155     S7   scenario_7_cross_container.sh  (wait 20s)
2026-04-19 20:10:36,565 [INFO] marathon: [falco_tuned] 66/155     S5   scenario_5_ns_escape.sh  (wait 20s)
2026-04-19 20:10:56,610 [INFO] marathon: [falco_tuned] 67/155     S2a  scenario_2a_evade.sh  (wait 20s)
2026-04-19 20:11:17,658 [INFO] marathon: [falco_tuned] 68/155     S2   scenario_2_reverse_shell.sh  (wait 20s)
2026-04-19 20:12:22,704 [INFO] marathon: [falco_tuned] 69/155     S10  scenario_10_container_escape.sh  (wait 20s)
2026-04-19 20:12:47,840 [INFO] marathon: [falco_tuned] 70/155     S6   scenario_6_privesc.sh  (wait 20s)
2026-04-19 20:13:07,888 [INFO] marathon: [falco_tuned] 71/155     S2a  scenario_2a_evade.sh  (wait 20s)
2026-04-19 20:13:28,938 [INFO] marathon: [falco_tuned] 72/155     S3a  scenario_3_evade.sh  (wait 20s)
2026-04-19 20:13:48,973 [INFO] marathon: [falco_tuned] 73/155     S7   scenario_7_cross_container.sh  (wait 20s)
2026-04-19 20:14:14,599 [INFO] marathon: [falco_tuned] 74/155     S2a  scenario_2a_evade.sh  (wait 20s)
2026-04-19 20:14:35,647 [INFO] marathon: [falco_tuned] 75/155     S3a  scenario_3_evade.sh  (wait 20s)
2026-04-19 20:14:55,688 [INFO] marathon: [falco_tuned] 76/155     S3a  scenario_3_evade.sh  (wait 20s)
2026-04-19 20:15:15,724 [INFO] marathon: [falco_tuned] 77/155     S2a  scenario_2a_evade.sh  (wait 20s)
2026-04-19 20:15:36,772 [INFO] marathon: [falco_tuned] 78/155 OOD S11  scenario_11_fileless_memfd.sh  (wait 20s)
2026-04-19 20:15:58,350 [INFO] marathon: [falco_tuned] 79/155     S3   scenario_3_sensitive_file.sh  (wait 20s)
2026-04-19 20:16:18,430 [INFO] marathon: [falco_tuned] 80/155     S8   scenario_8_log4shell.sh  (wait 20s)
2026-04-19 20:16:42,498 [INFO] marathon: [falco_tuned] 81/155     S10  scenario_10_container_escape.sh  (wait 20s)
2026-04-19 20:17:07,652 [INFO] marathon: [falco_tuned] 82/155     S3   scenario_3_sensitive_file.sh  (wait 20s)
2026-04-19 20:17:27,736 [INFO] marathon: [falco_tuned] 83/155     S2a  scenario_2a_evade.sh  (wait 20s)
2026-04-19 20:17:48,789 [INFO] marathon: [falco_tuned] 84/155     S3   scenario_3_sensitive_file.sh  (wait 20s)
2026-04-19 20:18:08,863 [INFO] marathon: [falco_tuned] 85/155     S3   scenario_3_sensitive_file.sh  (wait 20s)
2026-04-19 20:18:28,917 [INFO] marathon: [falco_tuned] 86/155     S6   scenario_6_privesc.sh  (wait 20s)
2026-04-19 20:18:48,973 [INFO] marathon: [falco_tuned] 87/155     S9   scenario_9_ssrf_rce.sh  (wait 20s)
2026-04-19 20:19:14,599 [INFO] marathon: [falco_tuned] 88/155     S6   scenario_6_privesc.sh  (wait 20s)
2026-04-19 20:19:34,658 [INFO] marathon: [falco_tuned] 89/155     S10  scenario_10_container_escape.sh  (wait 20s)
2026-04-19 20:19:59,812 [INFO] marathon: [falco_tuned] 90/155     S3a  scenario_3_evade.sh  (wait 20s)
2026-04-19 20:20:19,842 [INFO] marathon: [falco_tuned] 91/155     S9   scenario_9_ssrf_rce.sh  (wait 20s)
2026-04-19 20:20:45,478 [INFO] marathon: [falco_tuned] 92/155     S2a  scenario_2a_evade.sh  (wait 20s)
2026-04-19 20:21:06,529 [INFO] marathon: [falco_tuned] 93/155     S9   scenario_9_ssrf_rce.sh  (wait 20s)
2026-04-19 20:21:32,174 [INFO] marathon: [falco_tuned] 94/155     S3a  scenario_3_evade.sh  (wait 20s)
2026-04-19 20:21:52,208 [INFO] marathon: [falco_tuned] 95/155     S3   scenario_3_sensitive_file.sh  (wait 20s)
2026-04-19 20:22:12,287 [INFO] marathon: [falco_tuned] 96/155     S2a  scenario_2a_evade.sh  (wait 20s)
2026-04-19 20:22:33,335 [INFO] marathon: [falco_tuned] 97/155     S9   scenario_9_ssrf_rce.sh  (wait 20s)
2026-04-19 20:22:58,968 [INFO] marathon: [falco_tuned] 98/155     S3a  scenario_3_evade.sh  (wait 20s)
2026-04-19 20:23:19,007 [INFO] marathon: [falco_tuned] 99/155     S2   scenario_2_reverse_shell.sh  (wait 20s)
2026-04-19 20:24:24,052 [INFO] marathon: [falco_tuned] 100/155     S2a  scenario_2a_evade.sh  (wait 20s)
2026-04-19 20:24:45,104 [INFO] marathon: [falco_tuned] 101/155     S3   scenario_3_sensitive_file.sh  (wait 20s)
2026-04-19 20:25:05,184 [INFO] marathon: [falco_tuned] 102/155     S4   scenario_4_fork_bomb.sh  (wait 20s)
2026-04-19 20:25:25,368 [INFO] marathon: [falco_tuned] 103/155     S4   scenario_4_fork_bomb.sh  (wait 20s)
2026-04-19 20:25:45,554 [INFO] marathon: [falco_tuned] 104/155 OOD S11  scenario_11_fileless_memfd.sh  (wait 20s)
2026-04-19 20:26:07,126 [INFO] marathon: [falco_tuned] 105/155     S5   scenario_5_ns_escape.sh  (wait 20s)
2026-04-19 20:26:27,180 [INFO] marathon: [falco_tuned] 106/155     S8   scenario_8_log4shell.sh  (wait 20s)
2026-04-19 20:26:51,251 [INFO] marathon: [falco_tuned] 107/155     S8   scenario_8_log4shell.sh  (wait 20s)
2026-04-19 20:27:15,316 [INFO] marathon: [falco_tuned] 108/155     S3   scenario_3_sensitive_file.sh  (wait 20s)
2026-04-19 20:27:35,376 [INFO] marathon: [falco_tuned] 109/155     S3   scenario_3_sensitive_file.sh  (wait 20s)
2026-04-19 20:27:55,446 [INFO] marathon: [falco_tuned] 110/155     S3a  scenario_3_evade.sh  (wait 20s)
2026-04-19 20:28:15,483 [INFO] marathon: [falco_tuned] 111/155     S2   scenario_2_reverse_shell.sh  (wait 20s)
2026-04-19 20:29:20,529 [INFO] marathon: [falco_tuned] 112/155     S2   scenario_2_reverse_shell.sh  (wait 20s)
2026-04-19 20:30:25,574 [INFO] marathon: [falco_tuned] 113/155     S4   scenario_4_fork_bomb.sh  (wait 20s)
2026-04-19 20:30:45,759 [INFO] marathon: [falco_tuned] 114/155     S2   scenario_2_reverse_shell.sh  (wait 20s)
2026-04-19 20:31:50,804 [INFO] marathon: [falco_tuned] 115/155     S3   scenario_3_sensitive_file.sh  (wait 20s)
2026-04-19 20:32:10,881 [INFO] marathon: [falco_tuned] 116/155     S6   scenario_6_privesc.sh  (wait 20s)
2026-04-19 20:32:30,938 [INFO] marathon: [falco_tuned] 117/155     S2   scenario_2_reverse_shell.sh  (wait 20s)
2026-04-19 20:33:35,983 [INFO] marathon: [falco_tuned] 118/155     S2   scenario_2_reverse_shell.sh  (wait 20s)
2026-04-19 20:34:41,028 [INFO] marathon: [falco_tuned] 119/155     S6   scenario_6_privesc.sh  (wait 20s)
2026-04-19 20:35:01,081 [INFO] marathon: [falco_tuned] 120/155     S2a  scenario_2a_evade.sh  (wait 20s)
2026-04-19 20:35:22,128 [INFO] marathon: [falco_tuned] 121/155     S3   scenario_3_sensitive_file.sh  (wait 20s)
2026-04-19 20:35:42,197 [INFO] marathon: [falco_tuned] 122/155     S8   scenario_8_log4shell.sh  (wait 20s)
2026-04-19 20:36:06,264 [INFO] marathon: [falco_tuned] 123/155     S4   scenario_4_fork_bomb.sh  (wait 20s)
2026-04-19 20:36:26,442 [INFO] marathon: [falco_tuned] 124/155     S6   scenario_6_privesc.sh  (wait 20s)
2026-04-19 20:36:46,490 [INFO] marathon: [falco_tuned] 125/155     S9   scenario_9_ssrf_rce.sh  (wait 20s)
2026-04-19 20:37:12,123 [INFO] marathon: [falco_tuned] 126/155     S8   scenario_8_log4shell.sh  (wait 20s)
2026-04-19 20:37:36,196 [INFO] marathon: [falco_tuned] 127/155     S6   scenario_6_privesc.sh  (wait 20s)
2026-04-19 20:37:56,257 [INFO] marathon: [falco_tuned] 128/155     S9   scenario_9_ssrf_rce.sh  (wait 20s)
2026-04-19 20:38:21,880 [INFO] marathon: [falco_tuned] 129/155     S5   scenario_5_ns_escape.sh  (wait 20s)
2026-04-19 20:38:41,938 [INFO] marathon: [falco_tuned] 130/155 OOD S11  scenario_11_fileless_memfd.sh  (wait 20s)
2026-04-19 20:39:03,513 [INFO] marathon: [falco_tuned] 131/155     S9   scenario_9_ssrf_rce.sh  (wait 20s)
2026-04-19 20:39:29,144 [INFO] marathon: [falco_tuned] 132/155     S4   scenario_4_fork_bomb.sh  (wait 20s)
2026-04-19 20:39:49,331 [INFO] marathon: [falco_tuned] 133/155     S8   scenario_8_log4shell.sh  (wait 20s)
2026-04-19 20:40:13,397 [INFO] marathon: [falco_tuned] 134/155     S10  scenario_10_container_escape.sh  (wait 20s)
2026-04-19 20:40:38,573 [INFO] marathon: [falco_tuned] 135/155     S3a  scenario_3_evade.sh  (wait 20s)
2026-04-19 20:40:58,607 [INFO] marathon: [falco_tuned] 136/155     S3a  scenario_3_evade.sh  (wait 20s)
2026-04-19 20:41:18,640 [INFO] marathon: [falco_tuned] 137/155     S7   scenario_7_cross_container.sh  (wait 20s)
2026-04-19 20:41:44,282 [INFO] marathon: [falco_tuned] 138/155     S9   scenario_9_ssrf_rce.sh  (wait 20s)
2026-04-19 20:42:09,925 [INFO] marathon: [falco_tuned] 139/155     S3   scenario_3_sensitive_file.sh  (wait 20s)
2026-04-19 20:42:30,000 [INFO] marathon: [falco_tuned] 140/155     S5   scenario_5_ns_escape.sh  (wait 20s)
2026-04-19 20:42:50,061 [INFO] marathon: [falco_tuned] 141/155     S9   scenario_9_ssrf_rce.sh  (wait 20s)
2026-04-19 20:43:15,681 [INFO] marathon: [falco_tuned] 142/155     S9   scenario_9_ssrf_rce.sh  (wait 20s)
2026-04-19 20:43:41,310 [INFO] marathon: [falco_tuned] 143/155     S3a  scenario_3_evade.sh  (wait 20s)
2026-04-19 20:44:01,341 [INFO] marathon: [falco_tuned] 144/155     S9   scenario_9_ssrf_rce.sh  (wait 20s)
2026-04-19 20:44:26,968 [INFO] marathon: [falco_tuned] 145/155     S9   scenario_9_ssrf_rce.sh  (wait 20s)
2026-04-19 20:44:52,617 [INFO] marathon: [falco_tuned] 146/155     S2a  scenario_2a_evade.sh  (wait 20s)
2026-04-19 20:45:13,671 [INFO] marathon: [falco_tuned] 147/155     S2   scenario_2_reverse_shell.sh  (wait 20s)
2026-04-19 20:46:18,716 [INFO] marathon: [falco_tuned] 148/155     S6   scenario_6_privesc.sh  (wait 20s)
2026-04-19 20:46:38,776 [INFO] marathon: [falco_tuned] 149/155     S5   scenario_5_ns_escape.sh  (wait 20s)
2026-04-19 20:46:58,823 [INFO] marathon: [falco_tuned] 150/155     S6   scenario_6_privesc.sh  (wait 20s)
2026-04-19 20:47:18,872 [INFO] marathon: [falco_tuned] 151/155     S3a  scenario_3_evade.sh  (wait 20s)
2026-04-19 20:47:38,909 [INFO] marathon: [falco_tuned] 152/155     S6   scenario_6_privesc.sh  (wait 20s)
2026-04-19 20:47:58,978 [INFO] marathon: [falco_tuned] 153/155     S3a  scenario_3_evade.sh  (wait 20s)
2026-04-19 20:48:19,010 [INFO] marathon: [falco_tuned] 154/155     S3   scenario_3_sensitive_file.sh  (wait 20s)
2026-04-19 20:48:39,099 [INFO] marathon: [falco_tuned] 155/155     S3   scenario_3_sensitive_file.sh  (wait 20s)
2026-04-19 20:49:00,238 [INFO] marathon: Falco stopped  mode=tuned
2026-04-19 20:49:00,238 [INFO] marathon: Phase 3 complete.
2026-04-19 20:49:00,238 [INFO] marathon: ======================================================================
2026-04-19 20:49:00,238 [INFO] marathon: PHASE 4: Tetragon Evaluation  (stock + tuned, full replay each)
2026-04-19 20:49:00,238 [INFO] marathon: ======================================================================
2026-04-19 20:49:00,239 [INFO] marathon: Wrote 5 CTEval TracingPolicies → /home/s/causaltrace/results/marathon/tetragon_policies
2026-04-19 20:49:00,239 [INFO] marathon:   Tetragon stock: 155 attacks over 59m
2026-04-19 20:49:00,239 [INFO] marathon: wrk → http://localhost:8080/  t=4 c=20 d=3565s  pid=3342142
2026-04-19 20:49:08,313 [INFO] marathon: Tetragon started  mode=stock  container=tetragon-marathon-stock  export=/home/s/causaltrace/results/marathon/tetragon_stock.jsonl
2026-04-19 20:49:08,313 [INFO] marathon: [tetragon_stock] 1/155     S2a  scenario_2a_evade.sh  (wait 20s)
2026-04-19 20:49:29,362 [INFO] marathon: [tetragon_stock] 2/155     S5   scenario_5_ns_escape.sh  (wait 20s)
2026-04-19 20:49:49,413 [INFO] marathon: [tetragon_stock] 3/155     S2a  scenario_2a_evade.sh  (wait 20s)
2026-04-19 20:50:10,464 [INFO] marathon: [tetragon_stock] 4/155     S3a  scenario_3_evade.sh  (wait 20s)
2026-04-19 20:50:30,498 [INFO] marathon: [tetragon_stock] 5/155     S3a  scenario_3_evade.sh  (wait 20s)
2026-04-19 20:50:50,538 [INFO] marathon: [tetragon_stock] 6/155     S4   scenario_4_fork_bomb.sh  (wait 20s)
2026-04-19 20:51:10,725 [INFO] marathon: [tetragon_stock] 7/155     S4   scenario_4_fork_bomb.sh  (wait 20s)
2026-04-19 20:51:30,914 [INFO] marathon: [tetragon_stock] 8/155     S3a  scenario_3_evade.sh  (wait 20s)
2026-04-19 20:51:50,950 [INFO] marathon: [tetragon_stock] 9/155     S5   scenario_5_ns_escape.sh  (wait 20s)
2026-04-19 20:52:11,010 [INFO] marathon: [tetragon_stock] 10/155     S6   scenario_6_privesc.sh  (wait 20s)
2026-04-19 20:52:31,071 [INFO] marathon: [tetragon_stock] 11/155     S3a  scenario_3_evade.sh  (wait 20s)
2026-04-19 20:52:51,104 [INFO] marathon: [tetragon_stock] 12/155     S6   scenario_6_privesc.sh  (wait 20s)
2026-04-19 20:53:11,155 [INFO] marathon: [tetragon_stock] 13/155     S6   scenario_6_privesc.sh  (wait 20s)
2026-04-19 20:53:31,218 [INFO] marathon: [tetragon_stock] 14/155     S7   scenario_7_cross_container.sh  (wait 20s)
2026-04-19 20:53:56,862 [INFO] marathon: [tetragon_stock] 15/155     S2a  scenario_2a_evade.sh  (wait 20s)
2026-04-19 20:54:17,909 [INFO] marathon: [tetragon_stock] 16/155     S4   scenario_4_fork_bomb.sh  (wait 20s)
2026-04-19 20:54:38,092 [INFO] marathon: [tetragon_stock] 17/155     S7   scenario_7_cross_container.sh  (wait 20s)
2026-04-19 20:55:03,727 [INFO] marathon: [tetragon_stock] 18/155     S9   scenario_9_ssrf_rce.sh  (wait 20s)
2026-04-19 20:55:29,358 [INFO] marathon: [tetragon_stock] 19/155     S6   scenario_6_privesc.sh  (wait 20s)
2026-04-19 20:55:49,417 [INFO] marathon: [tetragon_stock] 20/155     S2   scenario_2_reverse_shell.sh  (wait 20s)
2026-04-19 20:56:54,462 [INFO] marathon: [tetragon_stock] 21/155     S10  scenario_10_container_escape.sh  (wait 20s)
2026-04-19 20:57:19,630 [INFO] marathon: [tetragon_stock] 22/155     S3   scenario_3_sensitive_file.sh  (wait 20s)
2026-04-19 20:57:39,698 [INFO] marathon: [tetragon_stock] 23/155     S2   scenario_2_reverse_shell.sh  (wait 20s)
2026-04-19 20:58:44,744 [INFO] marathon: [tetragon_stock] 24/155     S2a  scenario_2a_evade.sh  (wait 20s)
2026-04-19 20:59:05,799 [INFO] marathon: [tetragon_stock] 25/155     S4   scenario_4_fork_bomb.sh  (wait 20s)
2026-04-19 20:59:25,984 [INFO] marathon: [tetragon_stock] 26/155 OOD S11  scenario_11_fileless_memfd.sh  (wait 20s)
2026-04-19 20:59:47,560 [INFO] marathon: [tetragon_stock] 27/155     S2   scenario_2_reverse_shell.sh  (wait 20s)
2026-04-19 21:00:52,605 [INFO] marathon: [tetragon_stock] 28/155     S8   scenario_8_log4shell.sh  (wait 20s)
2026-04-19 21:01:16,674 [INFO] marathon: [tetragon_stock] 29/155     S8   scenario_8_log4shell.sh  (wait 20s)
2026-04-19 21:01:40,750 [INFO] marathon: [tetragon_stock] 30/155     S7   scenario_7_cross_container.sh  (wait 20s)
2026-04-19 21:02:06,391 [INFO] marathon: [tetragon_stock] 31/155     S6   scenario_6_privesc.sh  (wait 20s)
2026-04-19 21:02:26,447 [INFO] marathon: [tetragon_stock] 32/155     S5   scenario_5_ns_escape.sh  (wait 20s)
2026-04-19 21:02:46,499 [INFO] marathon: [tetragon_stock] 33/155     S7   scenario_7_cross_container.sh  (wait 20s)
2026-04-19 21:03:12,136 [INFO] marathon: [tetragon_stock] 34/155     S9   scenario_9_ssrf_rce.sh  (wait 20s)
2026-04-19 21:03:37,766 [INFO] marathon: [tetragon_stock] 35/155     S3   scenario_3_sensitive_file.sh  (wait 20s)
2026-04-19 21:03:57,848 [INFO] marathon: [tetragon_stock] 36/155     S2a  scenario_2a_evade.sh  (wait 20s)
2026-04-19 21:04:18,892 [INFO] marathon: [tetragon_stock] 37/155     S5   scenario_5_ns_escape.sh  (wait 20s)
2026-04-19 21:04:38,944 [INFO] marathon: [tetragon_stock] 38/155     S3a  scenario_3_evade.sh  (wait 20s)
2026-04-19 21:04:58,968 [INFO] marathon: [tetragon_stock] 39/155     S6   scenario_6_privesc.sh  (wait 20s)
2026-04-19 21:05:19,032 [INFO] marathon: [tetragon_stock] 40/155     S8   scenario_8_log4shell.sh  (wait 20s)
2026-04-19 21:05:43,104 [INFO] marathon: [tetragon_stock] 41/155     S3a  scenario_3_evade.sh  (wait 20s)
2026-04-19 21:06:03,142 [INFO] marathon: [tetragon_stock] 42/155     S9   scenario_9_ssrf_rce.sh  (wait 20s)
2026-04-19 21:06:28,780 [INFO] marathon: [tetragon_stock] 43/155     S7   scenario_7_cross_container.sh  (wait 20s)
2026-04-19 21:06:54,438 [INFO] marathon: [tetragon_stock] 44/155     S2   scenario_2_reverse_shell.sh  (wait 20s)
2026-04-19 21:07:59,483 [INFO] marathon: [tetragon_stock] 45/155     S5   scenario_5_ns_escape.sh  (wait 20s)
2026-04-19 21:08:19,539 [INFO] marathon: [tetragon_stock] 46/155     S2   scenario_2_reverse_shell.sh  (wait 20s)
2026-04-19 21:09:24,585 [INFO] marathon: [tetragon_stock] 47/155     S2   scenario_2_reverse_shell.sh  (wait 20s)
2026-04-19 21:10:29,631 [INFO] marathon: [tetragon_stock] 48/155     S5   scenario_5_ns_escape.sh  (wait 20s)
2026-04-19 21:10:49,675 [INFO] marathon: [tetragon_stock] 49/155     S8   scenario_8_log4shell.sh  (wait 20s)
2026-04-19 21:11:13,748 [INFO] marathon: [tetragon_stock] 50/155     S2a  scenario_2a_evade.sh  (wait 20s)
2026-04-19 21:11:34,795 [INFO] marathon: [tetragon_stock] 51/155     S8   scenario_8_log4shell.sh  (wait 20s)
2026-04-19 21:11:58,875 [INFO] marathon: [tetragon_stock] 52/155 OOD S11  scenario_11_fileless_memfd.sh  (wait 20s)
2026-04-19 21:12:20,453 [INFO] marathon: [tetragon_stock] 53/155     S3a  scenario_3_evade.sh  (wait 20s)
2026-04-19 21:12:40,495 [INFO] marathon: [tetragon_stock] 54/155     S3   scenario_3_sensitive_file.sh  (wait 20s)
2026-04-19 21:13:00,558 [INFO] marathon: [tetragon_stock] 55/155     S2a  scenario_2a_evade.sh  (wait 20s)
2026-04-19 21:13:21,611 [INFO] marathon: [tetragon_stock] 56/155     S3   scenario_3_sensitive_file.sh  (wait 20s)
2026-04-19 21:13:41,701 [INFO] marathon: [tetragon_stock] 57/155     S10  scenario_10_container_escape.sh  (wait 20s)
2026-04-19 21:14:06,857 [INFO] marathon: [tetragon_stock] 58/155     S8   scenario_8_log4shell.sh  (wait 20s)
2026-04-19 21:14:30,932 [INFO] marathon: [tetragon_stock] 59/155     S9   scenario_9_ssrf_rce.sh  (wait 20s)
2026-04-19 21:14:56,570 [INFO] marathon: [tetragon_stock] 60/155     S5   scenario_5_ns_escape.sh  (wait 20s)
2026-04-19 21:15:16,618 [INFO] marathon: [tetragon_stock] 61/155     S3   scenario_3_sensitive_file.sh  (wait 20s)
2026-04-19 21:15:36,696 [INFO] marathon: [tetragon_stock] 62/155     S5   scenario_5_ns_escape.sh  (wait 20s)
2026-04-19 21:15:56,732 [INFO] marathon: [tetragon_stock] 63/155     S7   scenario_7_cross_container.sh  (wait 20s)
2026-04-19 21:16:22,395 [INFO] marathon: [tetragon_stock] 64/155     S2a  scenario_2a_evade.sh  (wait 20s)
2026-04-19 21:16:43,456 [INFO] marathon: [tetragon_stock] 65/155     S7   scenario_7_cross_container.sh  (wait 20s)
2026-04-19 21:17:09,114 [INFO] marathon: [tetragon_stock] 66/155     S5   scenario_5_ns_escape.sh  (wait 20s)
2026-04-19 21:17:29,151 [INFO] marathon: [tetragon_stock] 67/155     S2a  scenario_2a_evade.sh  (wait 20s)
2026-04-19 21:17:50,203 [INFO] marathon: [tetragon_stock] 68/155     S2   scenario_2_reverse_shell.sh  (wait 20s)
2026-04-19 21:18:55,236 [INFO] marathon: [tetragon_stock] 69/155     S10  scenario_10_container_escape.sh  (wait 20s)
2026-04-19 21:19:20,395 [INFO] marathon: [tetragon_stock] 70/155     S6   scenario_6_privesc.sh  (wait 20s)
2026-04-19 21:19:40,452 [INFO] marathon: [tetragon_stock] 71/155     S2a  scenario_2a_evade.sh  (wait 20s)
2026-04-19 21:20:01,499 [INFO] marathon: [tetragon_stock] 72/155     S3a  scenario_3_evade.sh  (wait 20s)
2026-04-19 21:20:21,532 [INFO] marathon: [tetragon_stock] 73/155     S7   scenario_7_cross_container.sh  (wait 20s)
2026-04-19 21:20:47,187 [INFO] marathon: [tetragon_stock] 74/155     S2a  scenario_2a_evade.sh  (wait 20s)
2026-04-19 21:21:08,234 [INFO] marathon: [tetragon_stock] 75/155     S3a  scenario_3_evade.sh  (wait 20s)
2026-04-19 21:21:28,271 [INFO] marathon: [tetragon_stock] 76/155     S3a  scenario_3_evade.sh  (wait 20s)
2026-04-19 21:21:48,302 [INFO] marathon: [tetragon_stock] 77/155     S2a  scenario_2a_evade.sh  (wait 20s)
2026-04-19 21:22:09,350 [INFO] marathon: [tetragon_stock] 78/155 OOD S11  scenario_11_fileless_memfd.sh  (wait 20s)
2026-04-19 21:22:30,923 [INFO] marathon: [tetragon_stock] 79/155     S3   scenario_3_sensitive_file.sh  (wait 20s)
2026-04-19 21:22:51,000 [INFO] marathon: [tetragon_stock] 80/155     S8   scenario_8_log4shell.sh  (wait 20s)
2026-04-19 21:23:15,075 [INFO] marathon: [tetragon_stock] 81/155     S10  scenario_10_container_escape.sh  (wait 20s)
2026-04-19 21:23:40,238 [INFO] marathon: [tetragon_stock] 82/155     S3   scenario_3_sensitive_file.sh  (wait 20s)
2026-04-19 21:24:00,297 [INFO] marathon: [tetragon_stock] 83/155     S2a  scenario_2a_evade.sh  (wait 20s)
2026-04-19 21:24:21,351 [INFO] marathon: [tetragon_stock] 84/155     S3   scenario_3_sensitive_file.sh  (wait 20s)
2026-04-19 21:24:41,431 [INFO] marathon: [tetragon_stock] 85/155     S3   scenario_3_sensitive_file.sh  (wait 20s)
2026-04-19 21:25:01,518 [INFO] marathon: [tetragon_stock] 86/155     S6   scenario_6_privesc.sh  (wait 20s)
2026-04-19 21:25:21,585 [INFO] marathon: [tetragon_stock] 87/155     S9   scenario_9_ssrf_rce.sh  (wait 20s)
2026-04-19 21:25:47,218 [INFO] marathon: [tetragon_stock] 88/155     S6   scenario_6_privesc.sh  (wait 20s)
2026-04-19 21:26:07,274 [INFO] marathon: [tetragon_stock] 89/155     S10  scenario_10_container_escape.sh  (wait 20s)
2026-04-19 21:26:32,428 [INFO] marathon: [tetragon_stock] 90/155     S3a  scenario_3_evade.sh  (wait 20s)
2026-04-19 21:26:52,465 [INFO] marathon: [tetragon_stock] 91/155     S9   scenario_9_ssrf_rce.sh  (wait 20s)
2026-04-19 21:27:18,108 [INFO] marathon: [tetragon_stock] 92/155     S2a  scenario_2a_evade.sh  (wait 20s)
2026-04-19 21:27:39,160 [INFO] marathon: [tetragon_stock] 93/155     S9   scenario_9_ssrf_rce.sh  (wait 20s)
2026-04-19 21:28:04,787 [INFO] marathon: [tetragon_stock] 94/155     S3a  scenario_3_evade.sh  (wait 20s)
2026-04-19 21:28:24,828 [INFO] marathon: [tetragon_stock] 95/155     S3   scenario_3_sensitive_file.sh  (wait 20s)
2026-04-19 21:28:44,895 [INFO] marathon: [tetragon_stock] 96/155     S2a  scenario_2a_evade.sh  (wait 20s)
2026-04-19 21:29:05,949 [INFO] marathon: [tetragon_stock] 97/155     S9   scenario_9_ssrf_rce.sh  (wait 20s)
2026-04-19 21:29:31,574 [INFO] marathon: [tetragon_stock] 98/155     S3a  scenario_3_evade.sh  (wait 20s)
2026-04-19 21:29:51,616 [INFO] marathon: [tetragon_stock] 99/155     S2   scenario_2_reverse_shell.sh  (wait 20s)
2026-04-19 21:30:56,661 [INFO] marathon: [tetragon_stock] 100/155     S2a  scenario_2a_evade.sh  (wait 20s)
2026-04-19 21:31:17,717 [INFO] marathon: [tetragon_stock] 101/155     S3   scenario_3_sensitive_file.sh  (wait 20s)
2026-04-19 21:31:37,803 [INFO] marathon: [tetragon_stock] 102/155     S4   scenario_4_fork_bomb.sh  (wait 20s)
2026-04-19 21:31:57,996 [INFO] marathon: [tetragon_stock] 103/155     S4   scenario_4_fork_bomb.sh  (wait 20s)
2026-04-19 21:32:18,185 [INFO] marathon: [tetragon_stock] 104/155 OOD S11  scenario_11_fileless_memfd.sh  (wait 20s)
2026-04-19 21:32:39,761 [INFO] marathon: [tetragon_stock] 105/155     S5   scenario_5_ns_escape.sh  (wait 20s)
2026-04-19 21:32:59,808 [INFO] marathon: [tetragon_stock] 106/155     S8   scenario_8_log4shell.sh  (wait 20s)
2026-04-19 21:33:23,873 [INFO] marathon: [tetragon_stock] 107/155     S8   scenario_8_log4shell.sh  (wait 20s)
2026-04-19 21:33:47,924 [INFO] marathon: [tetragon_stock] 108/155     S3   scenario_3_sensitive_file.sh  (wait 20s)
2026-04-19 21:34:07,996 [INFO] marathon: [tetragon_stock] 109/155     S3   scenario_3_sensitive_file.sh  (wait 20s)
2026-04-19 21:34:28,080 [INFO] marathon: [tetragon_stock] 110/155     S3a  scenario_3_evade.sh  (wait 20s)
2026-04-19 21:34:48,120 [INFO] marathon: [tetragon_stock] 111/155     S2   scenario_2_reverse_shell.sh  (wait 20s)
2026-04-19 21:35:53,165 [INFO] marathon: [tetragon_stock] 112/155     S2   scenario_2_reverse_shell.sh  (wait 20s)
2026-04-19 21:36:58,210 [INFO] marathon: [tetragon_stock] 113/155     S4   scenario_4_fork_bomb.sh  (wait 20s)
2026-04-19 21:37:18,393 [INFO] marathon: [tetragon_stock] 114/155     S2   scenario_2_reverse_shell.sh  (wait 20s)
2026-04-19 21:38:23,438 [INFO] marathon: [tetragon_stock] 115/155     S3   scenario_3_sensitive_file.sh  (wait 20s)
2026-04-19 21:38:43,519 [INFO] marathon: [tetragon_stock] 116/155     S6   scenario_6_privesc.sh  (wait 20s)
2026-04-19 21:39:03,580 [INFO] marathon: [tetragon_stock] 117/155     S2   scenario_2_reverse_shell.sh  (wait 20s)
2026-04-19 21:40:08,626 [INFO] marathon: [tetragon_stock] 118/155     S2   scenario_2_reverse_shell.sh  (wait 20s)
2026-04-19 21:41:13,671 [INFO] marathon: [tetragon_stock] 119/155     S6   scenario_6_privesc.sh  (wait 20s)
2026-04-19 21:41:33,726 [INFO] marathon: [tetragon_stock] 120/155     S2a  scenario_2a_evade.sh  (wait 20s)
2026-04-19 21:41:54,777 [INFO] marathon: [tetragon_stock] 121/155     S3   scenario_3_sensitive_file.sh  (wait 20s)
2026-04-19 21:42:14,861 [INFO] marathon: [tetragon_stock] 122/155     S8   scenario_8_log4shell.sh  (wait 20s)
2026-04-19 21:42:38,929 [INFO] marathon: [tetragon_stock] 123/155     S4   scenario_4_fork_bomb.sh  (wait 20s)
2026-04-19 21:42:59,111 [INFO] marathon: [tetragon_stock] 124/155     S6   scenario_6_privesc.sh  (wait 20s)
2026-04-19 21:43:19,174 [INFO] marathon: [tetragon_stock] 125/155     S9   scenario_9_ssrf_rce.sh  (wait 20s)
2026-04-19 21:43:44,796 [INFO] marathon: [tetragon_stock] 126/155     S8   scenario_8_log4shell.sh  (wait 20s)
2026-04-19 21:44:08,866 [INFO] marathon: [tetragon_stock] 127/155     S6   scenario_6_privesc.sh  (wait 20s)
2026-04-19 21:44:28,932 [INFO] marathon: [tetragon_stock] 128/155     S9   scenario_9_ssrf_rce.sh  (wait 20s)
2026-04-19 21:44:54,563 [INFO] marathon: [tetragon_stock] 129/155     S5   scenario_5_ns_escape.sh  (wait 20s)
2026-04-19 21:45:14,619 [INFO] marathon: [tetragon_stock] 130/155 OOD S11  scenario_11_fileless_memfd.sh  (wait 20s)
2026-04-19 21:45:36,200 [INFO] marathon: [tetragon_stock] 131/155     S9   scenario_9_ssrf_rce.sh  (wait 20s)
2026-04-19 21:46:01,826 [INFO] marathon: [tetragon_stock] 132/155     S4   scenario_4_fork_bomb.sh  (wait 20s)
2026-04-19 21:46:22,011 [INFO] marathon: [tetragon_stock] 133/155     S8   scenario_8_log4shell.sh  (wait 20s)
2026-04-19 21:46:46,072 [INFO] marathon: [tetragon_stock] 134/155     S10  scenario_10_container_escape.sh  (wait 20s)
2026-04-19 21:47:11,232 [INFO] marathon: [tetragon_stock] 135/155     S3a  scenario_3_evade.sh  (wait 20s)
2026-04-19 21:47:31,259 [INFO] marathon: [tetragon_stock] 136/155     S3a  scenario_3_evade.sh  (wait 20s)
2026-04-19 21:47:51,290 [INFO] marathon: [tetragon_stock] 137/155     S7   scenario_7_cross_container.sh  (wait 20s)
2026-04-19 21:48:16,930 [INFO] marathon: [tetragon_stock] 138/155     S9   scenario_9_ssrf_rce.sh  (wait 20s)
2026-04-19 21:48:42,567 [INFO] marathon: [tetragon_stock] 139/155     S3   scenario_3_sensitive_file.sh  (wait 20s)
2026-04-19 21:49:02,640 [INFO] marathon: [tetragon_stock] 140/155     S5   scenario_5_ns_escape.sh  (wait 20s)
2026-04-19 21:49:22,693 [INFO] marathon: [tetragon_stock] 141/155     S9   scenario_9_ssrf_rce.sh  (wait 20s)
2026-04-19 21:49:48,330 [INFO] marathon: [tetragon_stock] 142/155     S9   scenario_9_ssrf_rce.sh  (wait 20s)
2026-04-19 21:50:13,966 [INFO] marathon: [tetragon_stock] 143/155     S3a  scenario_3_evade.sh  (wait 20s)
2026-04-19 21:50:34,001 [INFO] marathon: [tetragon_stock] 144/155     S9   scenario_9_ssrf_rce.sh  (wait 20s)
2026-04-19 21:50:59,645 [INFO] marathon: [tetragon_stock] 145/155     S9   scenario_9_ssrf_rce.sh  (wait 20s)
2026-04-19 21:51:25,282 [INFO] marathon: [tetragon_stock] 146/155     S2a  scenario_2a_evade.sh  (wait 20s)
2026-04-19 21:51:46,326 [INFO] marathon: [tetragon_stock] 147/155     S2   scenario_2_reverse_shell.sh  (wait 20s)
2026-04-19 21:52:51,347 [INFO] marathon: [tetragon_stock] 148/155     S6   scenario_6_privesc.sh  (wait 20s)
2026-04-19 21:53:11,413 [INFO] marathon: [tetragon_stock] 149/155     S5   scenario_5_ns_escape.sh  (wait 20s)
2026-04-19 21:53:31,466 [INFO] marathon: [tetragon_stock] 150/155     S6   scenario_6_privesc.sh  (wait 20s)
2026-04-19 21:53:51,522 [INFO] marathon: [tetragon_stock] 151/155     S3a  scenario_3_evade.sh  (wait 20s)
2026-04-19 21:54:11,562 [INFO] marathon: [tetragon_stock] 152/155     S6   scenario_6_privesc.sh  (wait 20s)
2026-04-19 21:54:31,620 [INFO] marathon: [tetragon_stock] 153/155     S3a  scenario_3_evade.sh  (wait 20s)
2026-04-19 21:54:51,658 [INFO] marathon: [tetragon_stock] 154/155     S3   scenario_3_sensitive_file.sh  (wait 20s)
2026-04-19 21:55:11,758 [INFO] marathon: [tetragon_stock] 155/155     S3   scenario_3_sensitive_file.sh  (wait 20s)
2026-04-19 21:55:32,247 [INFO] marathon: Tetragon stopped  mode=stock
2026-04-19 21:55:32,248 [INFO] marathon:   Tetragon tuned: 155 attacks over 59m
2026-04-19 21:55:32,248 [INFO] marathon: wrk → http://localhost:8080/  t=4 c=20 d=3565s  pid=3435808
2026-04-19 21:55:40,319 [INFO] marathon: Tetragon started  mode=tuned  container=tetragon-marathon-tuned  export=/home/s/causaltrace/results/marathon/tetragon_tuned.jsonl
2026-04-19 21:55:40,319 [INFO] marathon: [tetragon_tuned] 1/155     S2a  scenario_2a_evade.sh  (wait 20s)
2026-04-19 21:56:01,366 [INFO] marathon: [tetragon_tuned] 2/155     S5   scenario_5_ns_escape.sh  (wait 20s)
2026-04-19 21:56:21,427 [INFO] marathon: [tetragon_tuned] 3/155     S2a  scenario_2a_evade.sh  (wait 20s)
2026-04-19 21:56:42,475 [INFO] marathon: [tetragon_tuned] 4/155     S3a  scenario_3_evade.sh  (wait 20s)
2026-04-19 21:57:02,508 [INFO] marathon: [tetragon_tuned] 5/155     S3a  scenario_3_evade.sh  (wait 20s)
2026-04-19 21:57:22,540 [INFO] marathon: [tetragon_tuned] 6/155     S4   scenario_4_fork_bomb.sh  (wait 20s)
2026-04-19 21:57:42,726 [INFO] marathon: [tetragon_tuned] 7/155     S4   scenario_4_fork_bomb.sh  (wait 20s)
2026-04-19 21:58:02,918 [INFO] marathon: [tetragon_tuned] 8/155     S3a  scenario_3_evade.sh  (wait 20s)
2026-04-19 21:58:22,949 [INFO] marathon: [tetragon_tuned] 9/155     S5   scenario_5_ns_escape.sh  (wait 20s)
2026-04-19 21:58:42,995 [INFO] marathon: [tetragon_tuned] 10/155     S6   scenario_6_privesc.sh  (wait 20s)
2026-04-19 21:59:03,061 [INFO] marathon: [tetragon_tuned] 11/155     S3a  scenario_3_evade.sh  (wait 20s)
2026-04-19 21:59:23,093 [INFO] marathon: [tetragon_tuned] 12/155     S6   scenario_6_privesc.sh  (wait 20s)
2026-04-19 21:59:43,150 [INFO] marathon: [tetragon_tuned] 13/155     S6   scenario_6_privesc.sh  (wait 20s)
2026-04-19 22:00:03,202 [INFO] marathon: [tetragon_tuned] 14/155     S7   scenario_7_cross_container.sh  (wait 20s)
2026-04-19 22:00:28,850 [INFO] marathon: [tetragon_tuned] 15/155     S2a  scenario_2a_evade.sh  (wait 20s)
2026-04-19 22:00:49,902 [INFO] marathon: [tetragon_tuned] 16/155     S4   scenario_4_fork_bomb.sh  (wait 20s)
2026-04-19 22:01:10,090 [INFO] marathon: [tetragon_tuned] 17/155     S7   scenario_7_cross_container.sh  (wait 20s)
2026-04-19 22:01:35,718 [INFO] marathon: [tetragon_tuned] 18/155     S9   scenario_9_ssrf_rce.sh  (wait 20s)
2026-04-19 22:02:01,353 [INFO] marathon: [tetragon_tuned] 19/155     S6   scenario_6_privesc.sh  (wait 20s)
2026-04-19 22:02:21,412 [INFO] marathon: [tetragon_tuned] 20/155     S2   scenario_2_reverse_shell.sh  (wait 20s)
2026-04-19 22:03:26,458 [INFO] marathon: [tetragon_tuned] 21/155     S10  scenario_10_container_escape.sh  (wait 20s)
2026-04-19 22:03:51,607 [INFO] marathon: [tetragon_tuned] 22/155     S3   scenario_3_sensitive_file.sh  (wait 20s)
2026-04-19 22:04:11,684 [INFO] marathon: [tetragon_tuned] 23/155     S2   scenario_2_reverse_shell.sh  (wait 20s)
2026-04-19 22:05:16,729 [INFO] marathon: [tetragon_tuned] 24/155     S2a  scenario_2a_evade.sh  (wait 20s)
2026-04-19 22:05:37,781 [INFO] marathon: [tetragon_tuned] 25/155     S4   scenario_4_fork_bomb.sh  (wait 20s)
2026-04-19 22:05:57,975 [INFO] marathon: [tetragon_tuned] 26/155 OOD S11  scenario_11_fileless_memfd.sh  (wait 20s)
2026-04-19 22:06:19,555 [INFO] marathon: [tetragon_tuned] 27/155     S2   scenario_2_reverse_shell.sh  (wait 20s)
2026-04-19 22:07:24,600 [INFO] marathon: [tetragon_tuned] 28/155     S8   scenario_8_log4shell.sh  (wait 20s)
2026-04-19 22:07:48,667 [INFO] marathon: [tetragon_tuned] 29/155     S8   scenario_8_log4shell.sh  (wait 20s)
2026-04-19 22:08:12,732 [INFO] marathon: [tetragon_tuned] 30/155     S7   scenario_7_cross_container.sh  (wait 20s)
2026-04-19 22:08:38,371 [INFO] marathon: [tetragon_tuned] 31/155     S6   scenario_6_privesc.sh  (wait 20s)
2026-04-19 22:08:58,423 [INFO] marathon: [tetragon_tuned] 32/155     S5   scenario_5_ns_escape.sh  (wait 20s)
2026-04-19 22:09:18,484 [INFO] marathon: [tetragon_tuned] 33/155     S7   scenario_7_cross_container.sh  (wait 20s)
2026-04-19 22:09:44,125 [INFO] marathon: [tetragon_tuned] 34/155     S9   scenario_9_ssrf_rce.sh  (wait 20s)
2026-04-19 22:10:09,747 [INFO] marathon: [tetragon_tuned] 35/155     S3   scenario_3_sensitive_file.sh  (wait 20s)
2026-04-19 22:10:29,832 [INFO] marathon: [tetragon_tuned] 36/155     S2a  scenario_2a_evade.sh  (wait 20s)
2026-04-19 22:10:50,883 [INFO] marathon: [tetragon_tuned] 37/155     S5   scenario_5_ns_escape.sh  (wait 20s)
2026-04-19 22:11:10,933 [INFO] marathon: [tetragon_tuned] 38/155     S3a  scenario_3_evade.sh  (wait 20s)
2026-04-19 22:11:30,963 [INFO] marathon: [tetragon_tuned] 39/155     S6   scenario_6_privesc.sh  (wait 20s)
2026-04-19 22:11:51,014 [INFO] marathon: [tetragon_tuned] 40/155     S8   scenario_8_log4shell.sh  (wait 20s)
2026-04-19 22:12:15,077 [INFO] marathon: [tetragon_tuned] 41/155     S3a  scenario_3_evade.sh  (wait 20s)
2026-04-19 22:12:35,111 [INFO] marathon: [tetragon_tuned] 42/155     S9   scenario_9_ssrf_rce.sh  (wait 20s)
2026-04-19 22:13:00,751 [INFO] marathon: [tetragon_tuned] 43/155     S7   scenario_7_cross_container.sh  (wait 20s)
2026-04-19 22:13:26,400 [INFO] marathon: [tetragon_tuned] 44/155     S2   scenario_2_reverse_shell.sh  (wait 20s)
2026-04-19 22:14:31,445 [INFO] marathon: [tetragon_tuned] 45/155     S5   scenario_5_ns_escape.sh  (wait 20s)
2026-04-19 22:14:51,499 [INFO] marathon: [tetragon_tuned] 46/155     S2   scenario_2_reverse_shell.sh  (wait 20s)
2026-04-19 22:15:56,544 [INFO] marathon: [tetragon_tuned] 47/155     S2   scenario_2_reverse_shell.sh  (wait 20s)
2026-04-19 22:17:01,589 [INFO] marathon: [tetragon_tuned] 48/155     S5   scenario_5_ns_escape.sh  (wait 20s)
2026-04-19 22:17:21,642 [INFO] marathon: [tetragon_tuned] 49/155     S8   scenario_8_log4shell.sh  (wait 20s)
2026-04-19 22:17:45,712 [INFO] marathon: [tetragon_tuned] 50/155     S2a  scenario_2a_evade.sh  (wait 20s)
2026-04-19 22:18:06,766 [INFO] marathon: [tetragon_tuned] 51/155     S8   scenario_8_log4shell.sh  (wait 20s)
2026-04-19 22:18:30,829 [INFO] marathon: [tetragon_tuned] 52/155 OOD S11  scenario_11_fileless_memfd.sh  (wait 20s)
2026-04-19 22:18:52,413 [INFO] marathon: [tetragon_tuned] 53/155     S3a  scenario_3_evade.sh  (wait 20s)
2026-04-19 22:19:12,448 [INFO] marathon: [tetragon_tuned] 54/155     S3   scenario_3_sensitive_file.sh  (wait 20s)
2026-04-19 22:19:32,519 [INFO] marathon: [tetragon_tuned] 55/155     S2a  scenario_2a_evade.sh  (wait 20s)
2026-04-19 22:19:53,565 [INFO] marathon: [tetragon_tuned] 56/155     S3   scenario_3_sensitive_file.sh  (wait 20s)
2026-04-19 22:20:13,634 [INFO] marathon: [tetragon_tuned] 57/155     S10  scenario_10_container_escape.sh  (wait 20s)
2026-04-19 22:20:38,804 [INFO] marathon: [tetragon_tuned] 58/155     S8   scenario_8_log4shell.sh  (wait 20s)
2026-04-19 22:21:02,869 [INFO] marathon: [tetragon_tuned] 59/155     S9   scenario_9_ssrf_rce.sh  (wait 20s)
2026-04-19 22:21:28,490 [INFO] marathon: [tetragon_tuned] 60/155     S5   scenario_5_ns_escape.sh  (wait 20s)
2026-04-19 22:21:48,540 [INFO] marathon: [tetragon_tuned] 61/155     S3   scenario_3_sensitive_file.sh  (wait 20s)
2026-04-19 22:22:08,615 [INFO] marathon: [tetragon_tuned] 62/155     S5   scenario_5_ns_escape.sh  (wait 20s)
2026-04-19 22:22:28,676 [INFO] marathon: [tetragon_tuned] 63/155     S7   scenario_7_cross_container.sh  (wait 20s)
2026-04-19 22:22:54,322 [INFO] marathon: [tetragon_tuned] 64/155     S2a  scenario_2a_evade.sh  (wait 20s)
2026-04-19 22:23:15,370 [INFO] marathon: [tetragon_tuned] 65/155     S7   scenario_7_cross_container.sh  (wait 20s)
2026-04-19 22:23:41,010 [INFO] marathon: [tetragon_tuned] 66/155     S5   scenario_5_ns_escape.sh  (wait 20s)
2026-04-19 22:24:01,070 [INFO] marathon: [tetragon_tuned] 67/155     S2a  scenario_2a_evade.sh  (wait 20s)
2026-04-19 22:24:22,120 [INFO] marathon: [tetragon_tuned] 68/155     S2   scenario_2_reverse_shell.sh  (wait 20s)
2026-04-19 22:25:27,165 [INFO] marathon: [tetragon_tuned] 69/155     S10  scenario_10_container_escape.sh  (wait 20s)
2026-04-19 22:25:52,331 [INFO] marathon: [tetragon_tuned] 70/155     S6   scenario_6_privesc.sh  (wait 20s)
2026-04-19 22:26:12,377 [INFO] marathon: [tetragon_tuned] 71/155     S2a  scenario_2a_evade.sh  (wait 20s)
2026-04-19 22:26:33,430 [INFO] marathon: [tetragon_tuned] 72/155     S3a  scenario_3_evade.sh  (wait 20s)
2026-04-19 22:26:53,472 [INFO] marathon: [tetragon_tuned] 73/155     S7   scenario_7_cross_container.sh  (wait 20s)
2026-04-19 22:27:19,113 [INFO] marathon: [tetragon_tuned] 74/155     S2a  scenario_2a_evade.sh  (wait 20s)
2026-04-19 22:27:40,163 [INFO] marathon: [tetragon_tuned] 75/155     S3a  scenario_3_evade.sh  (wait 20s)
2026-04-19 22:28:00,196 [INFO] marathon: [tetragon_tuned] 76/155     S3a  scenario_3_evade.sh  (wait 20s)
2026-04-19 22:28:20,236 [INFO] marathon: [tetragon_tuned] 77/155     S2a  scenario_2a_evade.sh  (wait 20s)
2026-04-19 22:28:41,288 [INFO] marathon: [tetragon_tuned] 78/155 OOD S11  scenario_11_fileless_memfd.sh  (wait 20s)
2026-04-19 22:29:02,858 [INFO] marathon: [tetragon_tuned] 79/155     S3   scenario_3_sensitive_file.sh  (wait 20s)
2026-04-19 22:29:22,947 [INFO] marathon: [tetragon_tuned] 80/155     S8   scenario_8_log4shell.sh  (wait 20s)
2026-04-19 22:29:47,011 [INFO] marathon: [tetragon_tuned] 81/155     S10  scenario_10_container_escape.sh  (wait 20s)
2026-04-19 22:30:12,168 [INFO] marathon: [tetragon_tuned] 82/155     S3   scenario_3_sensitive_file.sh  (wait 20s)
2026-04-19 22:30:32,244 [INFO] marathon: [tetragon_tuned] 83/155     S2a  scenario_2a_evade.sh  (wait 20s)
2026-04-19 22:30:53,294 [INFO] marathon: [tetragon_tuned] 84/155     S3   scenario_3_sensitive_file.sh  (wait 20s)
2026-04-19 22:31:13,374 [INFO] marathon: [tetragon_tuned] 85/155     S3   scenario_3_sensitive_file.sh  (wait 20s)
2026-04-19 22:31:33,459 [INFO] marathon: [tetragon_tuned] 86/155     S6   scenario_6_privesc.sh  (wait 20s)
2026-04-19 22:31:53,513 [INFO] marathon: [tetragon_tuned] 87/155     S9   scenario_9_ssrf_rce.sh  (wait 20s)
2026-04-19 22:32:19,142 [INFO] marathon: [tetragon_tuned] 88/155     S6   scenario_6_privesc.sh  (wait 20s)
2026-04-19 22:32:39,201 [INFO] marathon: [tetragon_tuned] 89/155     S10  scenario_10_container_escape.sh  (wait 20s)
2026-04-19 22:33:04,352 [INFO] marathon: [tetragon_tuned] 90/155     S3a  scenario_3_evade.sh  (wait 20s)
2026-04-19 22:33:24,392 [INFO] marathon: [tetragon_tuned] 91/155     S9   scenario_9_ssrf_rce.sh  (wait 20s)
2026-04-19 22:33:50,025 [INFO] marathon: [tetragon_tuned] 92/155     S2a  scenario_2a_evade.sh  (wait 20s)
2026-04-19 22:34:11,075 [INFO] marathon: [tetragon_tuned] 93/155     S9   scenario_9_ssrf_rce.sh  (wait 20s)
2026-04-19 22:34:36,697 [INFO] marathon: [tetragon_tuned] 94/155     S3a  scenario_3_evade.sh  (wait 20s)
2026-04-19 22:34:56,735 [INFO] marathon: [tetragon_tuned] 95/155     S3   scenario_3_sensitive_file.sh  (wait 20s)
2026-04-19 22:35:16,805 [INFO] marathon: [tetragon_tuned] 96/155     S2a  scenario_2a_evade.sh  (wait 20s)
2026-04-19 22:35:37,855 [INFO] marathon: [tetragon_tuned] 97/155     S9   scenario_9_ssrf_rce.sh  (wait 20s)
2026-04-19 22:36:03,489 [INFO] marathon: [tetragon_tuned] 98/155     S3a  scenario_3_evade.sh  (wait 20s)
2026-04-19 22:36:23,523 [INFO] marathon: [tetragon_tuned] 99/155     S2   scenario_2_reverse_shell.sh  (wait 20s)
2026-04-19 22:37:28,569 [INFO] marathon: [tetragon_tuned] 100/155     S2a  scenario_2a_evade.sh  (wait 20s)
2026-04-19 22:37:49,618 [INFO] marathon: [tetragon_tuned] 101/155     S3   scenario_3_sensitive_file.sh  (wait 20s)
2026-04-19 22:38:09,692 [INFO] marathon: [tetragon_tuned] 102/155     S4   scenario_4_fork_bomb.sh  (wait 20s)
2026-04-19 22:38:29,879 [INFO] marathon: [tetragon_tuned] 103/155     S4   scenario_4_fork_bomb.sh  (wait 20s)
2026-04-19 22:38:50,065 [INFO] marathon: [tetragon_tuned] 104/155 OOD S11  scenario_11_fileless_memfd.sh  (wait 20s)
2026-04-19 22:39:11,638 [INFO] marathon: [tetragon_tuned] 105/155     S5   scenario_5_ns_escape.sh  (wait 20s)
2026-04-19 22:39:31,699 [INFO] marathon: [tetragon_tuned] 106/155     S8   scenario_8_log4shell.sh  (wait 20s)
2026-04-19 22:39:55,769 [INFO] marathon: [tetragon_tuned] 107/155     S8   scenario_8_log4shell.sh  (wait 20s)
2026-04-19 22:40:19,849 [INFO] marathon: [tetragon_tuned] 108/155     S3   scenario_3_sensitive_file.sh  (wait 20s)
2026-04-19 22:40:39,934 [INFO] marathon: [tetragon_tuned] 109/155     S3   scenario_3_sensitive_file.sh  (wait 20s)
2026-04-19 22:41:00,008 [INFO] marathon: [tetragon_tuned] 110/155     S3a  scenario_3_evade.sh  (wait 20s)
2026-04-19 22:41:20,037 [INFO] marathon: [tetragon_tuned] 111/155     S2   scenario_2_reverse_shell.sh  (wait 20s)
2026-04-19 22:42:25,082 [INFO] marathon: [tetragon_tuned] 112/155     S2   scenario_2_reverse_shell.sh  (wait 20s)
2026-04-19 22:43:30,127 [INFO] marathon: [tetragon_tuned] 113/155     S4   scenario_4_fork_bomb.sh  (wait 20s)
2026-04-19 22:43:50,315 [INFO] marathon: [tetragon_tuned] 114/155     S2   scenario_2_reverse_shell.sh  (wait 20s)
2026-04-19 22:44:55,360 [INFO] marathon: [tetragon_tuned] 115/155     S3   scenario_3_sensitive_file.sh  (wait 20s)
2026-04-19 22:45:15,444 [INFO] marathon: [tetragon_tuned] 116/155     S6   scenario_6_privesc.sh  (wait 20s)
2026-04-19 22:45:35,504 [INFO] marathon: [tetragon_tuned] 117/155     S2   scenario_2_reverse_shell.sh  (wait 20s)
2026-04-19 22:46:40,549 [INFO] marathon: [tetragon_tuned] 118/155     S2   scenario_2_reverse_shell.sh  (wait 20s)
2026-04-19 22:47:45,594 [INFO] marathon: [tetragon_tuned] 119/155     S6   scenario_6_privesc.sh  (wait 20s)
2026-04-19 22:48:05,651 [INFO] marathon: [tetragon_tuned] 120/155     S2a  scenario_2a_evade.sh  (wait 20s)
2026-04-19 22:48:26,702 [INFO] marathon: [tetragon_tuned] 121/155     S3   scenario_3_sensitive_file.sh  (wait 20s)
2026-04-19 22:48:46,777 [INFO] marathon: [tetragon_tuned] 122/155     S8   scenario_8_log4shell.sh  (wait 20s)
2026-04-19 22:49:10,853 [INFO] marathon: [tetragon_tuned] 123/155     S4   scenario_4_fork_bomb.sh  (wait 20s)
2026-04-19 22:49:31,039 [INFO] marathon: [tetragon_tuned] 124/155     S6   scenario_6_privesc.sh  (wait 20s)
2026-04-19 22:49:51,097 [INFO] marathon: [tetragon_tuned] 125/155     S9   scenario_9_ssrf_rce.sh  (wait 20s)
2026-04-19 22:50:16,724 [INFO] marathon: [tetragon_tuned] 126/155     S8   scenario_8_log4shell.sh  (wait 20s)
2026-04-19 22:50:40,795 [INFO] marathon: [tetragon_tuned] 127/155     S6   scenario_6_privesc.sh  (wait 20s)
2026-04-19 22:51:00,855 [INFO] marathon: [tetragon_tuned] 128/155     S9   scenario_9_ssrf_rce.sh  (wait 20s)
2026-04-19 22:51:26,481 [INFO] marathon: [tetragon_tuned] 129/155     S5   scenario_5_ns_escape.sh  (wait 20s)
2026-04-19 22:51:46,535 [INFO] marathon: [tetragon_tuned] 130/155 OOD S11  scenario_11_fileless_memfd.sh  (wait 20s)
2026-04-19 22:52:08,116 [INFO] marathon: [tetragon_tuned] 131/155     S9   scenario_9_ssrf_rce.sh  (wait 20s)
2026-04-19 22:52:33,741 [INFO] marathon: [tetragon_tuned] 132/155     S4   scenario_4_fork_bomb.sh  (wait 20s)
2026-04-19 22:52:53,927 [INFO] marathon: [tetragon_tuned] 133/155     S8   scenario_8_log4shell.sh  (wait 20s)
2026-04-19 22:53:17,996 [INFO] marathon: [tetragon_tuned] 134/155     S10  scenario_10_container_escape.sh  (wait 20s)
2026-04-19 22:53:43,141 [INFO] marathon: [tetragon_tuned] 135/155     S3a  scenario_3_evade.sh  (wait 20s)
2026-04-19 22:54:03,175 [INFO] marathon: [tetragon_tuned] 136/155     S3a  scenario_3_evade.sh  (wait 20s)
2026-04-19 22:54:23,209 [INFO] marathon: [tetragon_tuned] 137/155     S7   scenario_7_cross_container.sh  (wait 20s)
2026-04-19 22:54:48,861 [INFO] marathon: [tetragon_tuned] 138/155     S9   scenario_9_ssrf_rce.sh  (wait 20s)
2026-04-19 22:55:14,501 [INFO] marathon: [tetragon_tuned] 139/155     S3   scenario_3_sensitive_file.sh  (wait 20s)
2026-04-19 22:55:34,581 [INFO] marathon: [tetragon_tuned] 140/155     S5   scenario_5_ns_escape.sh  (wait 20s)
2026-04-19 22:55:54,622 [INFO] marathon: [tetragon_tuned] 141/155     S9   scenario_9_ssrf_rce.sh  (wait 20s)
2026-04-19 22:56:20,259 [INFO] marathon: [tetragon_tuned] 142/155     S9   scenario_9_ssrf_rce.sh  (wait 20s)
2026-04-19 22:56:45,883 [INFO] marathon: [tetragon_tuned] 143/155     S3a  scenario_3_evade.sh  (wait 20s)
2026-04-19 22:57:05,915 [INFO] marathon: [tetragon_tuned] 144/155     S9   scenario_9_ssrf_rce.sh  (wait 20s)
2026-04-19 22:57:31,553 [INFO] marathon: [tetragon_tuned] 145/155     S9   scenario_9_ssrf_rce.sh  (wait 20s)
2026-04-19 22:57:57,184 [INFO] marathon: [tetragon_tuned] 146/155     S2a  scenario_2a_evade.sh  (wait 20s)
2026-04-19 22:58:18,235 [INFO] marathon: [tetragon_tuned] 147/155     S2   scenario_2_reverse_shell.sh  (wait 20s)
2026-04-19 22:59:23,281 [INFO] marathon: [tetragon_tuned] 148/155     S6   scenario_6_privesc.sh  (wait 20s)
2026-04-19 22:59:43,349 [INFO] marathon: [tetragon_tuned] 149/155     S5   scenario_5_ns_escape.sh  (wait 20s)
2026-04-19 23:00:03,406 [INFO] marathon: [tetragon_tuned] 150/155     S6   scenario_6_privesc.sh  (wait 20s)
2026-04-19 23:00:23,469 [INFO] marathon: [tetragon_tuned] 151/155     S3a  scenario_3_evade.sh  (wait 20s)
2026-04-19 23:00:43,501 [INFO] marathon: [tetragon_tuned] 152/155     S6   scenario_6_privesc.sh  (wait 20s)
2026-04-19 23:01:03,571 [INFO] marathon: [tetragon_tuned] 153/155     S3a  scenario_3_evade.sh  (wait 20s)
2026-04-19 23:01:23,607 [INFO] marathon: [tetragon_tuned] 154/155     S3   scenario_3_sensitive_file.sh  (wait 20s)
2026-04-19 23:01:43,667 [INFO] marathon: [tetragon_tuned] 155/155     S3   scenario_3_sensitive_file.sh  (wait 20s)
2026-04-19 23:02:04,214 [INFO] marathon: Tetragon stopped  mode=tuned
2026-04-19 23:02:04,215 [INFO] marathon: Phase 4 complete.
2026-04-19 23:02:04,215 [INFO] marathon: Building detection timeline …
2026-04-19 23:02:04,332 [INFO] marathon: Detection timeline → /home/s/causaltrace/results/marathon/detection_timeline.json  (775 rows)
2026-04-19 23:02:04,333 [INFO] marathon: Running paper analysis …
2026-04-19 23:02:04,350 [INFO] marathon: Marathon complete.
2026-04-19 23:02:04,350 [INFO] marathon: All results in: /home/s/causaltrace/results/marathon
